#
# There is insufficient memory for the Java Runtime Environment to continue.
# Native memory allocation (malloc) failed to allocate 1048576 bytes. Error detail: AllocateHeap
# Possible reasons:
#   The system is out of physical RAM or swap space
#   This process is running with CompressedOops enabled, and the Java Heap may be blocking the growth of the native heap
# Possible solutions:
#   Reduce memory load on the system
#   Increase physical memory or swap space
#   Check if swap backing store is full
#   Decrease Java heap size (-Xmx/-Xms)
#   Decrease number of Java threads
#   Decrease Java thread stack sizes (-Xss)
#   Set larger code cache with -XX:ReservedCodeCacheSize=
#   JVM is running with Unscaled Compressed Oops mode in which the Java heap is
#     placed in the first 4GB address space. The Java Heap base address is the
#     maximum limit for the native heap growth. Please use -XX:HeapBaseMinAddress
#     to set the Java Heap base and to place the Java Heap above 4GB virtual address.
# This output file may be truncated or incomplete.
#
#  Out of Memory Error (allocation.cpp:42), pid=4784, tid=10172
#
# JRE version:  (25.0.2+10) (build )
# Java VM: Java HotSpot(TM) 64-Bit Server VM (25.0.2+10-LTS-69, mixed mode, sharing, tiered, compressed oops, compressed class ptrs, g1 gc, windows-amd64)
# No core dump will be written. Minidumps are not enabled by default on client versions of Windows
#

---------------  S U M M A R Y ------------

Command Line: 

Host: Intel(R) Core(TM) i3-1005G1 CPU @ 1.20GHz, 4 cores, 3G,  Windows 11 , 64 bit Build 26100 (10.0.26100.8246)
Time: Wed Jun 24 19:29:00 2026 SE Asia Standard Time elapsed time: 2.430093 seconds (0d 0h 0m 2s)

---------------  T H R E A D  ---------------

Current thread (0x000001630b0a0670):  JavaThread "Unknown thread" [_thread_in_vm, id=10172, stack(0x0000001c9a300000,0x0000001c9a400000) (1024K)]

Stack: [0x0000001c9a300000,0x0000001c9a400000]
Native frames: (J=compiled Java code, j=interpreted, Vv=VM code, C=native code)
V  [jvm.dll+0x7a70f9]  (no source info available)
V  [jvm.dll+0x772d6d]  (no source info available)
V  [jvm.dll+0x965d53]  (no source info available)
V  [jvm.dll+0x968351]  (no source info available)
V  [jvm.dll+0x968a63]  (no source info available)
V  [jvm.dll+0x2fc846]  (no source info available)
V  [jvm.dll+0xf7487]  (no source info available)
V  [jvm.dll+0x3bdd18]  (no source info available)
V  [jvm.dll+0x92cdbb]  (no source info available)
V  [jvm.dll+0x458f02]  (no source info available)
V  [jvm.dll+0x9107a2]  (no source info available)
V  [jvm.dll+0x4f9331]  (no source info available)
V  [jvm.dll+0x4fabc1]  (no source info available)
C  [jli.dll+0x543e]  (no source info available)
C  [ucrtbase.dll+0x37b0]  (no source info available)
C  [KERNEL32.DLL+0x2e8d7]  (no source info available)
C  [ntdll.dll+0x8c3fc]  (no source info available)

Lock stack of current Java thread (top to bottom):


---------------  P R O C E S S  ---------------

Threads class SMR info:
_java_thread_list=0x00007ffcf76d5388, length=0, elements={
}

Java Threads: ( => current thread )
Total: 0

Other Threads:

=>0x000001630b0a0670 (exited) JavaThread "Unknown thread"    [_thread_in_vm, id=10172, stack(0x0000001c9a300000,0x0000001c9a400000) (1024K)]
Total: 1

Threads with active compile tasks:
Total: 0

VM state: not at safepoint (not fully initialized)

VM Mutex/Monitor currently owned by a thread: None

Heap address: 0x0000000000000000, size: 0 MB, Compressed Oops mode: 32-bit

CDS archive(s) mapped at: [0x0000000000000000-0x0000000000000000-0x0000000000000000), size 0, SharedBaseAddress: 0x0000000800000000, ArchiveRelocationMode: 1.
UseCompressedClassPointers 1, UseCompactObjectHeaders 0
Narrow klass pointer bits 32, Max shift 3
Narrow klass base: 0xffffffffffffffff, Narrow klass shift: -1
Encoding Range: [0xffffffffffffffff - 0x000000007fffffff), (2147483648 bytes)
Klass Range:    [0x0000000000000000 - 0x0000000000000000), (0 bytes)
Klass ID Range:  [4294967295 - 0) (1)
No protection zone.

GC Precious Log:
 CardTable entry size: 512
 Card Set container configuration: InlinePtr #cards 5 size 8 Array Of Cards #cards 10 size 36 Howl #buckets 4 coarsen threshold 1843 Howl Bitmap #cards 512 size 80 coarsen threshold 460 Card regions per heap region 1 cards per card region 2048

GC Heap Usage History (0 events):
No events

Metaspace Usage History (0 events):
No events

Dll operation events (1 events):
Event: 0.039 Loaded shared library C:\Program Files\Java\jdk-25.0.2\bin\java.dll

Deoptimization events (0 events):
No events

Classes loaded (0 events):
No events

Classes unloaded (0 events):
No events

Classes redefined (0 events):
No events

Internal exceptions (0 events):
No events

VM Operations (0 events):
No events

Memory protections (0 events):
No events

Nmethod flushes (0 events):
No events

Events (0 events):
No events


Dynamic libraries:
0x00007ff6fe870000 - 0x00007ff6fe880000 	C:\Program Files\Java\jdk-25.0.2\bin\java.exe
0x00007ffd50de0000 - 0x00007ffd51047000 	C:\Windows\SYSTEM32\ntdll.dll
0x00007ffd4fb30000 - 0x00007ffd4fbf9000 	C:\Windows\System32\KERNEL32.DLL
0x00007ffd4ddd0000 - 0x00007ffd4e1c4000 	C:\Windows\System32\KERNELBASE.dll
0x00007ffd4da20000 - 0x00007ffd4db6b000 	C:\Windows\System32\ucrtbase.dll
0x00007ffd48950000 - 0x00007ffd48967000 	C:\Program Files\Java\jdk-25.0.2\bin\jli.dll
0x00007ffd502e0000 - 0x00007ffd504a5000 	C:\Windows\System32\USER32.dll
0x00007ffd4dc20000 - 0x00007ffd4dc47000 	C:\Windows\System32\win32u.dll
0x00007ffd501f0000 - 0x00007ffd5021b000 	C:\Windows\System32\GDI32.dll
0x00007ffd4e1d0000 - 0x00007ffd4e2fb000 	C:\Windows\System32\gdi32full.dll
0x00007ffd4db70000 - 0x00007ffd4dc13000 	C:\Windows\System32\msvcp_win.dll
0x00007ffd41c50000 - 0x00007ffd41c6e000 	C:\Program Files\Java\jdk-25.0.2\bin\VCRUNTIME140.dll
0x00007ffd39a20000 - 0x00007ffd39cb3000 	C:\Windows\WinSxS\amd64_microsoft.windows.common-controls_6595b64144ccf1df_6.0.26100.8115_none_3e075c82e3354f9c\COMCTL32.dll
0x00007ffd4ff40000 - 0x00007ffd4ffe9000 	C:\Windows\System32\msvcrt.dll
0x00007ffd4f610000 - 0x00007ffd4f642000 	C:\Windows\System32\IMM32.DLL
0x00007ffd429d0000 - 0x00007ffd429dc000 	C:\Program Files\Java\jdk-25.0.2\bin\vcruntime140_1.dll
0x00007ffd3c7a0000 - 0x00007ffd3c82d000 	C:\Program Files\Java\jdk-25.0.2\bin\msvcp140.dll
0x00007ffcf69e0000 - 0x00007ffcf783f000 	C:\Program Files\Java\jdk-25.0.2\bin\server\jvm.dll
0x00007ffd4fda0000 - 0x00007ffd4fe56000 	C:\Windows\System32\ADVAPI32.dll
0x00007ffd4ec80000 - 0x00007ffd4ed27000 	C:\Windows\System32\sechost.dll
0x00007ffd4f3e0000 - 0x00007ffd4f4f8000 	C:\Windows\System32\RPCRT4.dll
0x00007ffd4f500000 - 0x00007ffd4f580000 	C:\Windows\System32\WS2_32.dll
0x00007ffd4d510000 - 0x00007ffd4d56e000 	C:\Windows\SYSTEM32\POWRPROF.dll
0x00007ffd3bb60000 - 0x00007ffd3bb96000 	C:\Windows\SYSTEM32\WINMM.dll
0x00007ffd373b0000 - 0x00007ffd373bb000 	C:\Windows\SYSTEM32\VERSION.dll
0x00007ffd4d4f0000 - 0x00007ffd4d504000 	C:\Windows\SYSTEM32\UMPDC.dll
0x00007ffd4c440000 - 0x00007ffd4c45b000 	C:\Windows\SYSTEM32\kernel.appcore.dll
0x00007ffd3fc40000 - 0x00007ffd3fc4a000 	C:\Program Files\Java\jdk-25.0.2\bin\jimage.dll
0x00007ffd4b750000 - 0x00007ffd4b992000 	C:\Windows\SYSTEM32\DBGHELP.DLL
0x00007ffd4ed30000 - 0x00007ffd4f0b2000 	C:\Windows\System32\combase.dll
0x00007ffd4fe60000 - 0x00007ffd4ff38000 	C:\Windows\System32\OLEAUT32.dll
0x00007ffd34e90000 - 0x00007ffd34ecb000 	C:\Windows\SYSTEM32\dbgcore.DLL
0x00007ffd4d6b0000 - 0x00007ffd4d755000 	C:\Windows\System32\bcryptPrimitives.dll
0x00007ffd3c8a0000 - 0x00007ffd3c8bf000 	C:\Program Files\Java\jdk-25.0.2\bin\java.dll
0x00007ffd4fc00000 - 0x00007ffd4fd97000 	C:\Windows\System32\ole32.dll
0x00007ffd50630000 - 0x00007ffd50d97000 	C:\Windows\System32\SHELL32.dll
0x00007ffd4d760000 - 0x00007ffd4d8ca000 	C:\Windows\System32\wintypes.dll

JVMTI agents: none

dbghelp: loaded successfully - version: 4.0.5 - missing functions: none
symbol engine: initialized successfully - sym options: 0x614 - pdb path: .;C:\Program Files\Java\jdk-25.0.2\bin;C:\Windows\SYSTEM32;C:\Windows\WinSxS\amd64_microsoft.windows.common-controls_6595b64144ccf1df_6.0.26100.8115_none_3e075c82e3354f9c;C:\Program Files\Java\jdk-25.0.2\bin\server

VM Arguments:
java_command: <unknown>
java_class_path (initial): <not set>
Launcher Type: SUN_STANDARD

[Global flags]
     intx CICompilerCount                          = 3                                         {product} {ergonomic}
     uint ConcGCThreads                            = 1                                         {product} {ergonomic}
     uint G1ConcRefinementThreads                  = 4                                         {product} {ergonomic}
   size_t G1HeapRegionSize                         = 1048576                                   {product} {ergonomic}
   size_t InitialHeapSize                          = 65011712                                  {product} {ergonomic}
   size_t MarkStackSize                            = 4194304                                   {product} {ergonomic}
   size_t MaxHeapSize                              = 1012924416                                {product} {ergonomic}
   size_t MinHeapDeltaBytes                        = 1048576                                   {product} {ergonomic}
   size_t MinHeapSize                              = 8388608                                   {product} {ergonomic}
    uintx NonNMethodCodeHeapSize                   = 5832704                                {pd product} {ergonomic}
    uintx NonProfiledCodeHeapSize                  = 122945536                              {pd product} {ergonomic}
    uintx ProfiledCodeHeapSize                     = 122880000                              {pd product} {ergonomic}
    uintx ReservedCodeCacheSize                    = 251658240                              {pd product} {ergonomic}
     bool SegmentedCodeCache                       = true                                      {product} {ergonomic}
   size_t SoftMaxHeapSize                          = 1012924416                             {manageable} {ergonomic}
     bool UseCompressedOops                        = true                           {product lp64_product} {ergonomic}
     bool UseG1GC                                  = true                                      {product} {ergonomic}
     bool UseLargePagesIndividualAllocation        = false                                  {pd product} {ergonomic}

Logging:
Log output configuration:
 #0: stdout all=warning uptime,level,tags foldmultilines=false
 #1: stderr all=off uptime,level,tags foldmultilines=false

Release file:
<release file has not been read>
Environment Variables:
PATH=C:\Program Files\Common Files\Oracle\Java\javapath;C:\Windows\system32;C:\Windows;C:\Windows\System32\Wbem;C:\Windows\System32\WindowsPowerShell\v1.0\;C:\Windows\System32\OpenSSH\;C:\xampp\php;C:\ProgramData\ComposerSetup\bin;C:\Program Files\nodejs\;C:\maven\bin;C:\Program Files\Git\cmd;C:\Users\Administrator\AppData\Local\Microsoft\WindowsApps;C:\Users\Administrator\AppData\Local\Programs\Microsoft VS Code\bin;C:\Users\Administrator\AppData\Roaming\Composer\vendor\bin;C:\Users\Administrator\AppData\Roaming\npm;C:\Users\Administrator\AppData\Local\Python\bin;c:\Users\Administrator\.vscode\extensions\vscjava.vscode-java-debug-0.59.0\bundled\scripts\noConfigScripts
USERNAME=Hasyifa
LANG=en_US.UTF-8
OS=Windows_NT
PROCESSOR_IDENTIFIER=Intel64 Family 6 Model 126 Stepping 5, GenuineIntel
TMP=C:\Users\ADMINI~1\AppData\Local\Temp
TEMP=C:\Users\ADMINI~1\AppData\Local\Temp




Compilation memory statistics disabled.

Periodic native trim disabled

---------------  S Y S T E M  ---------------

OS:
 Windows 11 , 64 bit Build 26100 (10.0.26100.8246)
OS uptime: 0 days 3:52 hours

CPU: total 4 (initial active 4) (2 cores per cpu, 2 threads per core) family 6 model 126 stepping 5 microcode 0x96, cx8, cmov, fxsr, ht, mmx, 3dnowpref, sse, sse2, sse3, ssse3, sse4.1, sse4.2, popcnt, lzcnt, tsc, tscinvbit, avx, avx2, aes, erms, clmul, bmi1, bmi2, adx, avx512f, avx512dq, avx512cd, avx512bw, avx512vl, sha, fma, vzeroupper, avx512_vpopcntdq, avx512_vpclmulqdq, avx512_vaes, avx512_vnni, clflush, clflushopt, avx512_vbmi2, avx512_vbmi, rdtscp, rdpid, fsrm, gfni, avx512_bitalg, f16c, pku, avx512_ifma
Processor Information for the first 4 processors :
  Max Mhz: 1190, Current Mhz: 1190, Mhz Limit: 1190

Memory: 4k page, system-wide physical 3863M (251M free)
TotalPageFile size 7863M (AvailPageFile size 60M)
current process WorkingSet (physical memory assigned to process): 12M, peak: 12M
current process commit charge ("private bytes"): 12M, peak: 13M

vm_info: Java HotSpot(TM) 64-Bit Server VM (25.0.2+10-LTS-69) for windows-amd64 JRE (25.0.2+10-LTS-69), built on 2025-12-18T11:36:35Z with MS VC++ 17.13 (VS2022)

END.
