#
# There is insufficient memory for the Java Runtime Environment to continue.
# Native memory allocation (malloc) failed to allocate 13952664 bytes. Error detail: Chunk::new
# Possible reasons:
#   The system is out of physical RAM or swap space
#   This process is running with CompressedOops enabled, and the Java Heap may be blocking the growth of the native heap
# Possible solutions:
#   Reduce memory load on the system
#   Increase physical memory or swap space
#   Check if swap backing store is full
#   Decrease Java heap size (-Xmx/-Xms)
#   Decrease number of Java threads
#   Decrease Java thread stack sizes (-Xss)
#   Set larger code cache with -XX:ReservedCodeCacheSize=
#   JVM is running with Unscaled Compressed Oops mode in which the Java heap is
#     placed in the first 4GB address space. The Java Heap base address is the
#     maximum limit for the native heap growth. Please use -XX:HeapBaseMinAddress
#     to set the Java Heap base and to place the Java Heap above 4GB virtual address.
# This output file may be truncated or incomplete.
#
#  Out of Memory Error (arena.cpp:186), pid=7916, tid=4808
#
# JRE version: Java(TM) SE Runtime Environment (25.0.2+10) (build 25.0.2+10-LTS-69)
# Java VM: Java HotSpot(TM) 64-Bit Server VM (25.0.2+10-LTS-69, mixed mode, sharing, tiered, compressed oops, compressed class ptrs, g1 gc, windows-amd64)
# No core dump will be written. Minidumps are not enabled by default on client versions of Windows
#

---------------  S U M M A R Y ------------

Command Line: --enable-native-access=ALL-UNNAMED -Dclassworlds.conf=C:\Users\Administrator\.m2\wrapper\dists\apache-maven-3.9.16\0daed3be3ebd1c706f0e69e8b07c6b73f5cc4ea3dfce72a8d0ec2e849ca2ddb0\bin\m2.conf -Dmaven.home=C:\Users\Administrator\.m2\wrapper\dists\apache-maven-3.9.16\0daed3be3ebd1c706f0e69e8b07c6b73f5cc4ea3dfce72a8d0ec2e849ca2ddb0 -Dlibrary.jansi.path=C:\Users\Administrator\.m2\wrapper\dists\apache-maven-3.9.16\0daed3be3ebd1c706f0e69e8b07c6b73f5cc4ea3dfce72a8d0ec2e849ca2ddb0\lib\jansi-native -Dmaven.multiModuleProjectDirectory=D:\.STMIK MI\SMT6\Java Lanjut\project_uas\internship-tracking-backend org.codehaus.plexus.classworlds.launcher.Launcher spring-boot:run

Host: Intel(R) Core(TM) i3-1005G1 CPU @ 1.20GHz, 4 cores, 3G,  Windows 11 , 64 bit Build 26100 (10.0.26100.8246)
Time: Fri Jun 26 14:06:40 2026 SE Asia Standard Time elapsed time: 5.268702 seconds (0d 0h 0m 5s)

---------------  T H R E A D  ---------------

Current thread (0x0000020e2e86ca60):  JavaThread "C2 CompilerThread0" daemon [_thread_in_native, id=4808, stack(0x000000e57c400000,0x000000e57c500000) (1024K)]


Current CompileTask:
C2:5268 4324   !   4       org.codehaus.plexus.interpolation.StringSearchInterpolator::interpolate (692 bytes)

Stack: [0x000000e57c400000,0x000000e57c500000]
Native frames: (J=compiled Java code, j=interpreted, Vv=VM code, C=native code)
V  [jvm.dll+0x7a70f9]  (no source info available)
V  [jvm.dll+0x772d6d]  (no source info available)
V  [jvm.dll+0x965d53]  (no source info available)
V  [jvm.dll+0x968351]  (no source info available)
V  [jvm.dll+0x968a63]  (no source info available)
V  [jvm.dll+0x2fc846]  (no source info available)
V  [jvm.dll+0x111b16]  (no source info available)
V  [jvm.dll+0x111e3e]  (no source info available)
V  [jvm.dll+0x1a0872]  (no source info available)
V  [jvm.dll+0x3b54c2]  (no source info available)
V  [jvm.dll+0x7aca8f]  (no source info available)
V  [jvm.dll+0x2c0b97]  (no source info available)
V  [jvm.dll+0x2bfb5f]  (no source info available)
V  [jvm.dll+0x2379a0]  (no source info available)
V  [jvm.dll+0x2cfc86]  (no source info available)
V  [jvm.dll+0x2cdf05]  (no source info available)
V  [jvm.dll+0x48e9d1]  (no source info available)
V  [jvm.dll+0x906fcd]  (no source info available)
V  [jvm.dll+0x7a56d5]  (no source info available)
C  [ucrtbase.dll+0x37b0]  (no source info available)
C  [KERNEL32.DLL+0x2e8d7]  (no source info available)
C  [ntdll.dll+0x8c3fc]  (no source info available)

Lock stack of current Java thread (top to bottom):


---------------  P R O C E S S  ---------------

Threads class SMR info:
_java_thread_list=0x0000020e4ecc53f0, length=12, elements={
0x0000020e2c546730, 0x0000020e2e859520, 0x0000020e2e85a380, 0x0000020e2e861640,
0x0000020e2e863360, 0x0000020e49796070, 0x0000020e2e86ac00, 0x0000020e2e86ca60,
0x0000020e49796f70, 0x0000020e498d3700, 0x0000020e498f8ce0, 0x0000020e4edae8d0
}

Java Threads: ( => current thread )
  0x0000020e2c546730 JavaThread "main"                              [_thread_in_Java, id=10932, stack(0x000000e57b600000,0x000000e57b700000) (1024K)]
  0x0000020e2e859520 JavaThread "Reference Handler"          daemon [_thread_blocked, id=13612, stack(0x000000e57be00000,0x000000e57bf00000) (1024K)]
  0x0000020e2e85a380 JavaThread "Finalizer"                  daemon [_thread_blocked, id=588, stack(0x000000e57bf00000,0x000000e57c000000) (1024K)]
  0x0000020e2e861640 JavaThread "Signal Dispatcher"          daemon [_thread_blocked, id=13656, stack(0x000000e57c000000,0x000000e57c100000) (1024K)]
  0x0000020e2e863360 JavaThread "Attach Listener"            daemon [_thread_blocked, id=10980, stack(0x000000e57c100000,0x000000e57c200000) (1024K)]
  0x0000020e49796070 JavaThread "Service Thread"             daemon [_thread_blocked, id=8692, stack(0x000000e57c200000,0x000000e57c300000) (1024K)]
  0x0000020e2e86ac00 JavaThread "Monitor Deflation Thread"   daemon [_thread_blocked, id=14192, stack(0x000000e57c300000,0x000000e57c400000) (1024K)]
=>0x0000020e2e86ca60 JavaThread "C2 CompilerThread0"         daemon [_thread_in_native, id=4808, stack(0x000000e57c400000,0x000000e57c500000) (1024K)]
  0x0000020e49796f70 JavaThread "C1 CompilerThread0"         daemon [_thread_blocked, id=7188, stack(0x000000e57c500000,0x000000e57c600000) (1024K)]
  0x0000020e498d3700 JavaThread "Notification Thread"        daemon [_thread_blocked, id=8952, stack(0x000000e57c600000,0x000000e57c700000) (1024K)]
  0x0000020e498f8ce0 JavaThread "Common-Cleaner"             daemon [_thread_blocked, id=9908, stack(0x000000e57c700000,0x000000e57c800000) (1024K)]
  0x0000020e4edae8d0 JavaThread "Thread-1"                   daemon [_thread_blocked, id=7616, stack(0x000000e57cb00000,0x000000e57cc00000) (1024K)]
Total: 12

Other Threads:
  0x0000020e2e845880 VMThread "VM Thread"                           [id=2544, stack(0x000000e57bd00000,0x000000e57be00000) (1024K)]
  0x0000020e4978b920 WatcherThread "VM Periodic Task Thread"        [id=13428, stack(0x000000e57bc00000,0x000000e57bd00000) (1024K)]
  0x0000020e2e7e9710 WorkerThread "GC Thread#0"                     [id=5800, stack(0x000000e57b700000,0x000000e57b800000) (1024K)]
  0x0000020e4e8af1c0 WorkerThread "GC Thread#1"                     [id=9196, stack(0x000000e57c800000,0x000000e57c900000) (1024K)]
  0x0000020e4e929340 WorkerThread "GC Thread#2"                     [id=9132, stack(0x000000e57c900000,0x000000e57ca00000) (1024K)]
  0x0000020e4ea57d90 WorkerThread "GC Thread#3"                     [id=4132, stack(0x000000e57ca00000,0x000000e57cb00000) (1024K)]
  0x0000020e2e7f6f60 ConcurrentGCThread "G1 Main Marker"            [id=5032, stack(0x000000e57b800000,0x000000e57b900000) (1024K)]
  0x0000020e2e7f7b00 WorkerThread "G1 Conc#0"                       [id=10508, stack(0x000000e57b900000,0x000000e57ba00000) (1024K)]
  0x0000020e2e8281b0 ConcurrentGCThread "G1 Refine#0"               [id=9228, stack(0x000000e57ba00000,0x000000e57bb00000) (1024K)]
  0x0000020e2e829bd0 ConcurrentGCThread "G1 Service"                [id=8732, stack(0x000000e57bb00000,0x000000e57bc00000) (1024K)]
Total: 10

Threads with active compile tasks:
C2 CompilerThread0  5435 4324   !   4       org.codehaus.plexus.interpolation.StringSearchInterpolator::interpolate (692 bytes)
Total: 1

VM state: not at safepoint (normal execution)

VM Mutex/Monitor currently owned by a thread: None

Heap address: 0x00000000c3a00000, size: 966 MB, Compressed Oops mode: 32-bit

CDS archive(s) mapped at: [0x000000002e000000-0x000000002edd0000-0x000000002edd0000), size 14483456, SharedBaseAddress: 0x000000002e000000, ArchiveRelocationMode: 1.
Compressed class space mapped at: 0x000000002f000000-0x000000006f000000, reserved size: 1073741824
UseCompressedClassPointers 1, UseCompactObjectHeaders 0
Narrow klass pointer bits 32, Max shift 3
Narrow klass base: 0x000000002e000000, Narrow klass shift: 0
Encoding Range: [0x000000002e000000 - 0x000000012e000000), (4294967296 bytes)
Klass Range:    [0x000000002e010000 - 0x000000006f000000), (1090453504 bytes)
Klass ID Range:  [65536 - 1090519033) (1090453497)
Protection zone: [0x000000002e000000 - 0x000000002e010000), (65536 bytes)

GC Precious Log:
 CardTable entry size: 512
 Card Set container configuration: InlinePtr #cards 5 size 8 Array Of Cards #cards 10 size 36 Howl #buckets 4 coarsen threshold 1843 Howl Bitmap #cards 512 size 80 coarsen threshold 460 Card regions per heap region 1 cards per card region 2048
 CPUs: 4 total, 4 available
 Memory: 3863M
 Large Page Support: Disabled
 NUMA Support: Disabled
 Compressed Oops: Enabled (32-bit)
 Heap Region Size: 1M
 Heap Min Capacity: 8M
 Heap Initial Capacity: 62M
 Heap Max Capacity: 966M
 Pre-touch: Disabled
 Parallel Workers: 4
 Concurrent Workers: 1
 Concurrent Refinement Workers: 4
 Periodic GC: Disabled

Heap:
 garbage-first heap   total reserved 989184K, committed 65536K, used 22393K [0x00000000c3a00000, 0x0000000100000000)
  region size 1024K, 9 young (9216K), 2 survivors (2048K)

Heap Regions: E=young(eden), S=young(survivor), O=old, HS=humongous(starts), HC=humongous(continues), CS=collection set, F=free, TAMS=top-at-mark-start, PB=parsable bottom
|   0|0x00000000c3a00000, 0x00000000c3b00000, 0x00000000c3b00000|100%| O|  |TAMS 0x00000000c3a00000| PB 0x00000000c3a00000| Untracked |  0
|   1|0x00000000c3b00000, 0x00000000c3c00000, 0x00000000c3c00000|100%| O|  |TAMS 0x00000000c3b00000| PB 0x00000000c3b00000| Untracked |  0
|   2|0x00000000c3c00000, 0x00000000c3d00000, 0x00000000c3d00000|100%| O|  |TAMS 0x00000000c3c00000| PB 0x00000000c3c00000| Untracked |  0
|   3|0x00000000c3d00000, 0x00000000c3e00000, 0x00000000c3e00000|100%| O|  |TAMS 0x00000000c3d00000| PB 0x00000000c3d00000| Untracked |  0
|   4|0x00000000c3e00000, 0x00000000c3f00000, 0x00000000c3f00000|100%| O|  |TAMS 0x00000000c3e00000| PB 0x00000000c3e00000| Untracked |  0
|   5|0x00000000c3f00000, 0x00000000c4000000, 0x00000000c4000000|100%| O|  |TAMS 0x00000000c3f00000| PB 0x00000000c3f00000| Untracked |  0
|   6|0x00000000c4000000, 0x00000000c4100000, 0x00000000c4100000|100%| O|  |TAMS 0x00000000c4000000| PB 0x00000000c4000000| Untracked |  0
|   7|0x00000000c4100000, 0x00000000c4200000, 0x00000000c4200000|100%| O|  |TAMS 0x00000000c4100000| PB 0x00000000c4100000| Untracked |  0
|   8|0x00000000c4200000, 0x00000000c4300000, 0x00000000c4300000|100%| O|  |TAMS 0x00000000c4200000| PB 0x00000000c4200000| Untracked |  0
|   9|0x00000000c4300000, 0x00000000c4400000, 0x00000000c4400000|100%| O|  |TAMS 0x00000000c4300000| PB 0x00000000c4300000| Untracked |  0
|  10|0x00000000c4400000, 0x00000000c4500000, 0x00000000c4500000|100%| O|  |TAMS 0x00000000c4400000| PB 0x00000000c4400000| Untracked |  0
|  11|0x00000000c4500000, 0x00000000c4600000, 0x00000000c4600000|100%| O|  |TAMS 0x00000000c4500000| PB 0x00000000c4500000| Untracked |  0
|  12|0x00000000c4600000, 0x00000000c46dc930, 0x00000000c4700000| 86%| O|  |TAMS 0x00000000c4600000| PB 0x00000000c4600000| Untracked |  0
|  13|0x00000000c4700000, 0x00000000c4700000, 0x00000000c4800000|  0%| F|  |TAMS 0x00000000c4700000| PB 0x00000000c4700000| Untracked |  0
|  14|0x00000000c4800000, 0x00000000c4800000, 0x00000000c4900000|  0%| F|  |TAMS 0x00000000c4800000| PB 0x00000000c4800000| Untracked |  0
|  15|0x00000000c4900000, 0x00000000c4900000, 0x00000000c4a00000|  0%| F|  |TAMS 0x00000000c4900000| PB 0x00000000c4900000| Untracked |  0
|  16|0x00000000c4a00000, 0x00000000c4a00000, 0x00000000c4b00000|  0%| F|  |TAMS 0x00000000c4a00000| PB 0x00000000c4a00000| Untracked |  0
|  17|0x00000000c4b00000, 0x00000000c4b00000, 0x00000000c4c00000|  0%| F|  |TAMS 0x00000000c4b00000| PB 0x00000000c4b00000| Untracked |  0
|  18|0x00000000c4c00000, 0x00000000c4c00000, 0x00000000c4d00000|  0%| F|  |TAMS 0x00000000c4c00000| PB 0x00000000c4c00000| Untracked |  0
|  19|0x00000000c4d00000, 0x00000000c4d00000, 0x00000000c4e00000|  0%| F|  |TAMS 0x00000000c4d00000| PB 0x00000000c4d00000| Untracked |  0
|  20|0x00000000c4e00000, 0x00000000c4e00000, 0x00000000c4f00000|  0%| F|  |TAMS 0x00000000c4e00000| PB 0x00000000c4e00000| Untracked |  0
|  21|0x00000000c4f00000, 0x00000000c4f00000, 0x00000000c5000000|  0%| F|  |TAMS 0x00000000c4f00000| PB 0x00000000c4f00000| Untracked |  0
|  22|0x00000000c5000000, 0x00000000c5000000, 0x00000000c5100000|  0%| F|  |TAMS 0x00000000c5000000| PB 0x00000000c5000000| Untracked |  0
|  23|0x00000000c5100000, 0x00000000c5100000, 0x00000000c5200000|  0%| F|  |TAMS 0x00000000c5100000| PB 0x00000000c5100000| Untracked |  0
|  24|0x00000000c5200000, 0x00000000c5200000, 0x00000000c5300000|  0%| F|  |TAMS 0x00000000c5200000| PB 0x00000000c5200000| Untracked |  0
|  25|0x00000000c5300000, 0x00000000c5300000, 0x00000000c5400000|  0%| F|  |TAMS 0x00000000c5300000| PB 0x00000000c5300000| Untracked |  0
|  26|0x00000000c5400000, 0x00000000c5400000, 0x00000000c5500000|  0%| F|  |TAMS 0x00000000c5400000| PB 0x00000000c5400000| Untracked |  0
|  27|0x00000000c5500000, 0x00000000c5500000, 0x00000000c5600000|  0%| F|  |TAMS 0x00000000c5500000| PB 0x00000000c5500000| Untracked |  0
|  28|0x00000000c5600000, 0x00000000c56dc5c0, 0x00000000c5700000| 86%| S|CS|TAMS 0x00000000c5600000| PB 0x00000000c5600000| Complete |  0
|  29|0x00000000c5700000, 0x00000000c5700000, 0x00000000c5800000|  0%| F|  |TAMS 0x00000000c5700000| PB 0x00000000c5700000| Untracked |  0
|  30|0x00000000c5800000, 0x00000000c5900000, 0x00000000c5900000|100%| S|CS|TAMS 0x00000000c5800000| PB 0x00000000c5800000| Complete |  0
|  31|0x00000000c5900000, 0x00000000c5900000, 0x00000000c5a00000|  0%| F|  |TAMS 0x00000000c5900000| PB 0x00000000c5900000| Untracked |  0
|  32|0x00000000c5a00000, 0x00000000c5a00000, 0x00000000c5b00000|  0%| F|  |TAMS 0x00000000c5a00000| PB 0x00000000c5a00000| Untracked |  0
|  33|0x00000000c5b00000, 0x00000000c5b00000, 0x00000000c5c00000|  0%| F|  |TAMS 0x00000000c5b00000| PB 0x00000000c5b00000| Untracked |  0
|  34|0x00000000c5c00000, 0x00000000c5c00000, 0x00000000c5d00000|  0%| F|  |TAMS 0x00000000c5c00000| PB 0x00000000c5c00000| Untracked |  0
|  35|0x00000000c5d00000, 0x00000000c5d00000, 0x00000000c5e00000|  0%| F|  |TAMS 0x00000000c5d00000| PB 0x00000000c5d00000| Untracked |  0
|  36|0x00000000c5e00000, 0x00000000c5e00000, 0x00000000c5f00000|  0%| F|  |TAMS 0x00000000c5e00000| PB 0x00000000c5e00000| Untracked |  0
|  37|0x00000000c5f00000, 0x00000000c5f00000, 0x00000000c6000000|  0%| F|  |TAMS 0x00000000c5f00000| PB 0x00000000c5f00000| Untracked |  0
|  38|0x00000000c6000000, 0x00000000c6000000, 0x00000000c6100000|  0%| F|  |TAMS 0x00000000c6000000| PB 0x00000000c6000000| Untracked |  0
|  39|0x00000000c6100000, 0x00000000c6100000, 0x00000000c6200000|  0%| F|  |TAMS 0x00000000c6100000| PB 0x00000000c6100000| Untracked |  0
|  40|0x00000000c6200000, 0x00000000c6200000, 0x00000000c6300000|  0%| F|  |TAMS 0x00000000c6200000| PB 0x00000000c6200000| Untracked |  0
|  41|0x00000000c6300000, 0x00000000c6300000, 0x00000000c6400000|  0%| F|  |TAMS 0x00000000c6300000| PB 0x00000000c6300000| Untracked |  0
|  42|0x00000000c6400000, 0x00000000c6400000, 0x00000000c6500000|  0%| F|  |TAMS 0x00000000c6400000| PB 0x00000000c6400000| Untracked |  0
|  43|0x00000000c6500000, 0x00000000c6500000, 0x00000000c6600000|  0%| F|  |TAMS 0x00000000c6500000| PB 0x00000000c6500000| Untracked |  0
|  44|0x00000000c6600000, 0x00000000c6600000, 0x00000000c6700000|  0%| F|  |TAMS 0x00000000c6600000| PB 0x00000000c6600000| Untracked |  0
|  45|0x00000000c6700000, 0x00000000c6700000, 0x00000000c6800000|  0%| F|  |TAMS 0x00000000c6700000| PB 0x00000000c6700000| Untracked |  0
|  46|0x00000000c6800000, 0x00000000c6800000, 0x00000000c6900000|  0%| F|  |TAMS 0x00000000c6800000| PB 0x00000000c6800000| Untracked |  0
|  47|0x00000000c6900000, 0x00000000c6900000, 0x00000000c6a00000|  0%| F|  |TAMS 0x00000000c6900000| PB 0x00000000c6900000| Untracked |  0
|  48|0x00000000c6a00000, 0x00000000c6a00000, 0x00000000c6b00000|  0%| F|  |TAMS 0x00000000c6a00000| PB 0x00000000c6a00000| Untracked |  0
|  49|0x00000000c6b00000, 0x00000000c6b00000, 0x00000000c6c00000|  0%| F|  |TAMS 0x00000000c6b00000| PB 0x00000000c6b00000| Untracked |  0
|  50|0x00000000c6c00000, 0x00000000c6c00000, 0x00000000c6d00000|  0%| F|  |TAMS 0x00000000c6c00000| PB 0x00000000c6c00000| Untracked |  0
|  51|0x00000000c6d00000, 0x00000000c6d00000, 0x00000000c6e00000|  0%| F|  |TAMS 0x00000000c6d00000| PB 0x00000000c6d00000| Untracked |  0
|  52|0x00000000c6e00000, 0x00000000c6e00000, 0x00000000c6f00000|  0%| F|  |TAMS 0x00000000c6e00000| PB 0x00000000c6e00000| Untracked |  0
|  53|0x00000000c6f00000, 0x00000000c6f00000, 0x00000000c7000000|  0%| F|  |TAMS 0x00000000c6f00000| PB 0x00000000c6f00000| Untracked |  0
|  54|0x00000000c7000000, 0x00000000c7000000, 0x00000000c7100000|  0%| F|  |TAMS 0x00000000c7000000| PB 0x00000000c7000000| Untracked |  0
|  55|0x00000000c7100000, 0x00000000c7180000, 0x00000000c7200000| 50%| E|  |TAMS 0x00000000c7100000| PB 0x00000000c7100000| Complete |  0
|  56|0x00000000c7200000, 0x00000000c7300000, 0x00000000c7300000|100%| E|CS|TAMS 0x00000000c7200000| PB 0x00000000c7200000| Complete |  0
|  57|0x00000000c7300000, 0x00000000c7400000, 0x00000000c7400000|100%| E|CS|TAMS 0x00000000c7300000| PB 0x00000000c7300000| Complete |  0
|  58|0x00000000c7400000, 0x00000000c7500000, 0x00000000c7500000|100%| E|CS|TAMS 0x00000000c7400000| PB 0x00000000c7400000| Complete |  0
|  59|0x00000000c7500000, 0x00000000c7600000, 0x00000000c7600000|100%| E|CS|TAMS 0x00000000c7500000| PB 0x00000000c7500000| Complete |  0
|  60|0x00000000c7600000, 0x00000000c7700000, 0x00000000c7700000|100%| E|CS|TAMS 0x00000000c7600000| PB 0x00000000c7600000| Complete |  0
|  61|0x00000000c7700000, 0x00000000c7800000, 0x00000000c7800000|100%| E|CS|TAMS 0x00000000c7700000| PB 0x00000000c7700000| Complete |  0
| 964|0x00000000ffe00000, 0x00000000fff00000, 0x00000000fff00000|100%| O|  |TAMS 0x00000000ffe00000| PB 0x00000000ffe00000| Untracked |  0
| 965|0x00000000fff00000, 0x00000000fff257b8, 0x0000000100000000| 14%| O|  |TAMS 0x00000000fff00000| PB 0x00000000fff00000| Untracked |  0

Card table byte_map: [0x0000020e46230000,0x0000020e46420000] _byte_map_base: 0x0000020e45c13000

Marking Bits: (CMBitMap*) 0x0000020e2e7e9ea0
 Bits: [0x0000020e46420000, 0x0000020e47338000)

Polling page: 0x0000020e2c750000

Metaspace:
Metaspace        used 15844K, committed 16064K, reserved 1114112K
 class space     used 1912K, committed 2048K, reserved 1048576K

Usage:
  Non-class:     13.61 MB used.
      Class:      1.87 MB used.
       Both:     15.47 MB used.

Virtual space:
  Non-class space:       64.00 MB reserved,      13.69 MB ( 21%) committed,  1 nodes.
      Class space:        1.00 GB reserved,       2.00 MB ( <1%) committed,  1 nodes.
             Both:        1.06 GB reserved,      15.69 MB (  1%) committed. 

Chunk freelists:
   Non-Class:  1.88 MB
       Class:  13.87 MB
        Both:  15.75 MB

MaxMetaspaceSize: unlimited
CompressedClassSpaceSize: 1.00 GB
Initial GC threshold: 21.00 MB
Current GC threshold: 21.00 MB
CDS: on
 - commit_granule_bytes: 65536.
 - commit_granule_words: 8192.
 - virtual_space_node_default_size: 8388608.
 - enlarge_chunks_in_place: 1.
UseCompressedClassPointers 1, UseCompactObjectHeaders 0
Narrow klass pointer bits 32, Max shift 3
Narrow klass base: 0x000000002e000000, Narrow klass shift: 0
Encoding Range: [0x000000002e000000 - 0x000000012e000000), (4294967296 bytes)
Klass Range:    [0x000000002e010000 - 0x000000006f000000), (1090453504 bytes)
Klass ID Range:  [65536 - 1090519033) (1090453497)
Protection zone: [0x000000002e000000 - 0x000000002e010000), (65536 bytes)


Internal statistics:

num_allocs_failed_limit: 0.
num_arena_births: 136.
num_arena_deaths: 0.
num_vsnodes_births: 2.
num_vsnodes_deaths: 0.
num_space_committed: 251.
num_space_uncommitted: 0.
num_chunks_returned_to_freelist: 0.
num_chunks_taken_from_freelist: 677.
num_chunk_merges: 0.
num_chunk_splits: 462.
num_chunks_enlarged: 382.
num_inconsistent_stats: 0.

CodeHeap 'non-profiled nmethods': size=120064Kb used=1527Kb max_used=1527Kb free=118536Kb
 bounds [0x0000020e3eb00000, 0x0000020e3ed70000, 0x0000020e46040000]
CodeHeap 'profiled nmethods': size=120000Kb used=7303Kb max_used=7303Kb free=112696Kb
 bounds [0x0000020e37040000, 0x0000020e37770000, 0x0000020e3e570000]
CodeHeap 'non-nmethods': size=5696Kb used=1521Kb max_used=1585Kb free=4174Kb
 bounds [0x0000020e3e570000, 0x0000020e3e7e0000, 0x0000020e3eb00000]
CodeCache: size=245760Kb, used=10351Kb, max_used=10415Kb, free=235406Kb
 total_blobs=5054, nmethods=4535, adapters=421, full_count=0
Compilation: enabled, stopped_count=0, restarted_count=0

Compilation events (20 events):
Event: 5.102 Thread 0x0000020e49796f70 4510       3       org.eclipse.aether.util.repository.DefaultMirrorSelector::isExternalHttpRepo (64 bytes)
Event: 5.103 Thread 0x0000020e49796f70 nmethod 4510 0x0000020e37749188 code [0x0000020e37749280, 0x0000020e37749c68]
Event: 5.103 Thread 0x0000020e49796f70 4511       3       org.eclipse.aether.util.repository.DefaultMirrorSelector::findMirror (149 bytes)
Event: 5.105 Thread 0x0000020e49796f70 nmethod 4511 0x0000020e37749c88 code [0x0000020e37749d80, 0x0000020e3774ab80]
Event: 5.105 Thread 0x0000020e49796f70 4512       3       org.slf4j.impl.MavenSimpleLoggerFactory::getLogger (57 bytes)
Event: 5.106 Thread 0x0000020e49796f70 nmethod 4512 0x0000020e3774ac08 code [0x0000020e3774ad00, 0x0000020e3774b318]
Event: 5.125 Thread 0x0000020e49796f70 4513       3       org.apache.maven.artifact.ArtifactUtils::key (51 bytes)
Event: 5.126 Thread 0x0000020e49796f70 nmethod 4513 0x0000020e3774b388 code [0x0000020e3774b480, 0x0000020e3774bf70]
Event: 5.135 Thread 0x0000020e49796f70 4514       3       org.apache.maven.model.Reporting::setLocation (186 bytes)
Event: 5.137 Thread 0x0000020e49796f70 nmethod 4514 0x0000020e3774bf88 code [0x0000020e3774c080, 0x0000020e3774d3f8]
Event: 5.137 Thread 0x0000020e49796f70 4516       3       org.eclipse.aether.repository.RemoteRepository$Builder::build (28 bytes)
Event: 5.137 Thread 0x0000020e49796f70 nmethod 4516 0x0000020e3774d408 code [0x0000020e3774d500, 0x0000020e3774d730]
Event: 5.137 Thread 0x0000020e49796f70 4517       3       org.eclipse.aether.repository.RemoteRepository::<init> (443 bytes)
Event: 5.140 Thread 0x0000020e49796f70 nmethod 4517 0x0000020e3774d788 code [0x0000020e3774d880, 0x0000020e3774e9c8]
Event: 5.140 Thread 0x0000020e49796f70 4515       3       org.apache.maven.model.merge.ModelMerger::mergeBuildBase_Resources (26 bytes)
Event: 5.142 Thread 0x0000020e49796f70 nmethod 4515 0x0000020e3774ea08 code [0x0000020e3774eb00, 0x0000020e3774f668]
Event: 5.148 Thread 0x0000020e49796f70 4519       3       org.eclipse.aether.internal.impl.collect.df.NodeStack::top (40 bytes)
Event: 5.149 Thread 0x0000020e49796f70 nmethod 4519 0x0000020e3774f688 code [0x0000020e3774f780, 0x0000020e3774fec8]
Event: 5.149 Thread 0x0000020e49796f70 4520   !   3       org.eclipse.aether.internal.impl.collect.DependencyCollectorDelegate::filterVersions (188 bytes)
Event: 5.257 Thread 0x0000020e49796f70 nmethod 4520 0x0000020e3774ff08 code [0x0000020e37750000, 0x0000020e37752fb0]

GC Heap Usage History (10 events):
Event: 1.214 {heap Before GC invocations=0 (full 0):
 garbage-first heap   total reserved 989184K, committed 65536K, used 29845K [0x00000000c3a00000, 0x0000000100000000)
  region size 1024K, 28 young (28672K), 0 survivors (0K)
}
Event: 1.223 {heap After GC invocations=1 (full 0):
 garbage-first heap   total reserved 989184K, committed 65536K, used 4373K [0x00000000c3a00000, 0x0000000100000000)
  region size 1024K, 4 young (4096K), 4 survivors (4096K)
}
Event: 2.143 {heap Before GC invocations=1 (full 0):
 garbage-first heap   total reserved 989184K, committed 65536K, used 30997K [0x00000000c3a00000, 0x0000000100000000)
  region size 1024K, 30 young (30720K), 4 survivors (4096K)
}
Event: 2.156 {heap After GC invocations=2 (full 0):
 garbage-first heap   total reserved 989184K, committed 65536K, used 5940K [0x00000000c3a00000, 0x0000000100000000)
  region size 1024K, 2 young (2048K), 2 survivors (2048K)
}
Event: 3.154 {heap Before GC invocations=2 (full 0):
 garbage-first heap   total reserved 989184K, committed 65536K, used 37684K [0x00000000c3a00000, 0x0000000100000000)
  region size 1024K, 33 young (33792K), 2 survivors (2048K)
}
Event: 3.166 {heap After GC invocations=3 (full 0):
 garbage-first heap   total reserved 989184K, committed 65536K, used 9471K [0x00000000c3a00000, 0x0000000100000000)
  region size 1024K, 5 young (5120K), 5 survivors (5120K)
}
Event: 4.074 {heap Before GC invocations=3 (full 0):
 garbage-first heap   total reserved 989184K, committed 65536K, used 42239K [0x00000000c3a00000, 0x0000000100000000)
  region size 1024K, 37 young (37888K), 5 survivors (5120K)
}
Event: 4.092 {heap After GC invocations=4 (full 0):
 garbage-first heap   total reserved 989184K, committed 65536K, used 14559K [0x00000000c3a00000, 0x0000000100000000)
  region size 1024K, 5 young (5120K), 5 survivors (5120K)
}
Event: 4.837 {heap Before GC invocations=4 (full 0):
 garbage-first heap   total reserved 989184K, committed 65536K, used 46303K [0x00000000c3a00000, 0x0000000100000000)
  region size 1024K, 36 young (36864K), 5 survivors (5120K)
}
Event: 4.848 {heap After GC invocations=5 (full 0):
 garbage-first heap   total reserved 989184K, committed 65536K, used 16249K [0x00000000c3a00000, 0x0000000100000000)
  region size 1024K, 2 young (2048K), 2 survivors (2048K)
}

Metaspace Usage History (10 events):
Event: 1.214 {metaspace Before GC invocations=0 (full 0):
 Metaspace       used 5689K, committed 5888K, reserved 1114112K
  class space    used 701K, committed 832K, reserved 1048576K
}
Event: 1.223 {metaspace After GC invocations=1 (full 0):
 Metaspace       used 5689K, committed 5888K, reserved 1114112K
  class space    used 701K, committed 832K, reserved 1048576K
}
Event: 2.143 {metaspace Before GC invocations=1 (full 0):
 Metaspace       used 9344K, committed 9536K, reserved 1114112K
  class space    used 1164K, committed 1280K, reserved 1048576K
}
Event: 2.156 {metaspace After GC invocations=2 (full 0):
 Metaspace       used 9344K, committed 9536K, reserved 1114112K
  class space    used 1164K, committed 1280K, reserved 1048576K
}
Event: 3.154 {metaspace Before GC invocations=2 (full 0):
 Metaspace       used 14535K, committed 14784K, reserved 1114112K
  class space    used 1828K, committed 1920K, reserved 1048576K
}
Event: 3.166 {metaspace After GC invocations=3 (full 0):
 Metaspace       used 14535K, committed 14784K, reserved 1114112K
  class space    used 1828K, committed 1920K, reserved 1048576K
}
Event: 4.074 {metaspace Before GC invocations=3 (full 0):
 Metaspace       used 15451K, committed 15616K, reserved 1114112K
  class space    used 1908K, committed 1984K, reserved 1048576K
}
Event: 4.092 {metaspace After GC invocations=4 (full 0):
 Metaspace       used 15451K, committed 15616K, reserved 1114112K
  class space    used 1908K, committed 1984K, reserved 1048576K
}
Event: 4.837 {metaspace Before GC invocations=4 (full 0):
 Metaspace       used 15803K, committed 16064K, reserved 1114112K
  class space    used 1912K, committed 2048K, reserved 1048576K
}
Event: 4.848 {metaspace After GC invocations=5 (full 0):
 Metaspace       used 15803K, committed 16064K, reserved 1114112K
  class space    used 1912K, committed 2048K, reserved 1048576K
}

Dll operation events (7 events):
Event: 0.015 Loaded shared library C:\Program Files\Java\jdk-25.0.2\bin\java.dll
Event: 0.058 Loaded shared library C:\Program Files\Java\jdk-25.0.2\bin\net.dll
Event: 0.060 Loaded shared library C:\Program Files\Java\jdk-25.0.2\bin\nio.dll
Event: 0.067 Loaded shared library C:\Program Files\Java\jdk-25.0.2\bin\zip.dll
Event: 0.383 Loaded shared library C:\Users\Administrator\.m2\wrapper\dists\apache-maven-3.9.16\0daed3be3ebd1c706f0e69e8b07c6b73f5cc4ea3dfce72a8d0ec2e849ca2ddb0\lib\jansi-native\Windows\x86_64\jansi.dll
Event: 0.390 Loaded shared library C:\Program Files\Java\jdk-25.0.2\bin\jimage.dll
Event: 0.409 Loaded shared library C:\Program Files\Java\jdk-25.0.2\bin\verify.dll

Deoptimization events (20 events):
Event: 4.393 Thread 0x0000020e2c546730 DEOPT PACKING pc=0x0000020e376337f5 sp=0x000000e57b6fba90
Event: 4.393 Thread 0x0000020e2c546730 DEOPT UNPACKING pc=0x0000020e3e5c12a2 sp=0x000000e57b6fafc8 mode 0
Event: 4.761 Thread 0x0000020e2c546730 Uncommon trap: trap_request=0xffffff45 fr.pc=0x0000020e3eba5f64 relative=0x0000000000000264
Event: 4.761 Thread 0x0000020e2c546730 Uncommon trap: reason=unstable_if action=reinterpret pc=0x0000020e3eba5f64 method=java.util.concurrent.ConcurrentHashMap.get(Ljava/lang/Object;)Ljava/lang/Object; @ 76 c2
Event: 4.761 Thread 0x0000020e2c546730 DEOPT PACKING pc=0x0000020e3eba5f64 sp=0x000000e57b6fd230
Event: 4.761 Thread 0x0000020e2c546730 DEOPT UNPACKING pc=0x0000020e3e69f482 sp=0x000000e57b6fd1a8 mode 2
Event: 4.761 Thread 0x0000020e2c546730 Uncommon trap: trap_request=0xffffffde fr.pc=0x0000020e3eb455e4 relative=0x0000000000000b64
Event: 4.761 Thread 0x0000020e2c546730 Uncommon trap: reason=class_check action=maybe_recompile pc=0x0000020e3eb455e4 method=java.util.concurrent.ConcurrentHashMap.putVal(Ljava/lang/Object;Ljava/lang/Object;Z)Ljava/lang/Object; @ 242 c2
Event: 4.761 Thread 0x0000020e2c546730 DEOPT PACKING pc=0x0000020e3eb455e4 sp=0x000000e57b6fd190
Event: 4.761 Thread 0x0000020e2c546730 DEOPT UNPACKING pc=0x0000020e3e69f482 sp=0x000000e57b6fd0f0 mode 2
Event: 4.793 Thread 0x0000020e2c546730 Uncommon trap: trap_request=0xffffffde fr.pc=0x0000020e3eb455e4 relative=0x0000000000000b64
Event: 4.793 Thread 0x0000020e2c546730 Uncommon trap: reason=class_check action=maybe_recompile pc=0x0000020e3eb455e4 method=java.util.concurrent.ConcurrentHashMap.putVal(Ljava/lang/Object;Ljava/lang/Object;Z)Ljava/lang/Object; @ 242 c2
Event: 4.793 Thread 0x0000020e2c546730 DEOPT PACKING pc=0x0000020e3eb455e4 sp=0x000000e57b6fcd10
Event: 4.793 Thread 0x0000020e2c546730 DEOPT UNPACKING pc=0x0000020e3e69f482 sp=0x000000e57b6fcc70 mode 2
Event: 4.879 Thread 0x0000020e2c546730 DEOPT PACKING pc=0x0000020e3751c0cc sp=0x000000e57b6fb2d0
Event: 4.879 Thread 0x0000020e2c546730 DEOPT UNPACKING pc=0x0000020e3e5c12a2 sp=0x000000e57b6fa828 mode 0
Event: 5.148 Thread 0x0000020e2c546730 Uncommon trap: trap_request=0xffffffde fr.pc=0x0000020e3eb455e4 relative=0x0000000000000b64
Event: 5.148 Thread 0x0000020e2c546730 Uncommon trap: reason=class_check action=maybe_recompile pc=0x0000020e3eb455e4 method=java.util.concurrent.ConcurrentHashMap.putVal(Ljava/lang/Object;Ljava/lang/Object;Z)Ljava/lang/Object; @ 242 c2
Event: 5.148 Thread 0x0000020e2c546730 DEOPT PACKING pc=0x0000020e3eb455e4 sp=0x000000e57b6fcd10
Event: 5.148 Thread 0x0000020e2c546730 DEOPT UNPACKING pc=0x0000020e3e69f482 sp=0x000000e57b6fcc70 mode 2

Classes loaded (20 events):
Event: 3.067 Loading class java/lang/invoke/BoundMethodHandle$Species_LI
Event: 3.067 Loading class java/lang/invoke/BoundMethodHandle$Species_LI done
Event: 3.067 Loading class java/lang/invoke/ClassSpecializer$Factory$1
Event: 3.067 Loading class java/lang/invoke/ClassSpecializer$Factory$1 done
Event: 3.067 Loading class java/lang/invoke/ClassSpecializer$Factory$1$1
Event: 3.067 Loading class java/lang/invoke/ClassSpecializer$Factory$1$1 done
Event: 3.067 Loading class java/lang/invoke/ClassSpecializer$Factory$1$1Var
Event: 3.067 Loading class java/lang/invoke/ClassSpecializer$Factory$1$1Var done
Event: 3.068 Loading class java/lang/invoke/ClassSpecializer$Factory$1$2
Event: 3.068 Loading class java/lang/invoke/ClassSpecializer$Factory$1$2 done
Event: 3.068 Loading class java/lang/invoke/ClassSpecializer$Factory$1$3
Event: 3.068 Loading class java/lang/invoke/ClassSpecializer$Factory$1$3 done
Event: 3.068 Loading class java/lang/invoke/ClassSpecializer$Factory$1$4
Event: 3.068 Loading class java/lang/invoke/ClassSpecializer$Factory$1$4 done
Event: 3.068 Loading class java/lang/invoke/ClassSpecializer$Factory$1$5
Event: 3.068 Loading class java/lang/invoke/ClassSpecializer$Factory$1$5 done
Event: 3.069 Loading class java/lang/invoke/ClassSpecializer$Factory$1$5$1
Event: 3.069 Loading class java/lang/invoke/ClassSpecializer$Factory$1$5$1 done
Event: 3.147 Loading class java/util/stream/Streams$RangeIntSpliterator
Event: 3.148 Loading class java/util/stream/Streams$RangeIntSpliterator done

Classes unloaded (0 events):
No events

Classes redefined (0 events):
No events

Internal exceptions (20 events):
Event: 1.092 Thread 0x0000020e2c546730 Exception <a 'java/lang/NoClassDefFoundError'{0x00000000c62326f0}: javax/enterprise/inject/Typed> (0x00000000c62326f0) 
thrown [s\open\src\hotspot\share\classfile\systemDictionary.cpp, line 316]
Event: 2.341 Thread 0x0000020e2c546730 Exception <a 'java/lang/NoSuchMethodError'{0x00000000c72dce30}: 'void java.lang.invoke.DirectMethodHandle$Holder.invokeStaticInit(java.lang.Object, java.lang.Object, java.lang.Object)'> (0x00000000c72dce30) 
thrown [s\open\src\hotspot\share\interpreter\linkResolver.cpp, line 804]
Event: 2.361 Thread 0x0000020e2c546730 Implicit null exception at 0x0000020e3eb88e1d to 0x0000020e3eb88fa4
Event: 2.365 Thread 0x0000020e2c546730 Exception <a 'java/lang/NoSuchMethodError'{0x00000000c7173718}: 'java.lang.Object java.lang.invoke.Invokers$Holder.invokeExact_MT(java.lang.Object, int, java.lang.Object)'> (0x00000000c7173718) 
thrown [s\open\src\hotspot\share\interpreter\linkResolver.cpp, line 804]
Event: 2.652 Thread 0x0000020e2c546730 Exception <a 'java/lang/NoSuchMethodError'{0x00000000c68255f8}: 'void java.lang.invoke.Invokers$Holder.invokeExact_MT(java.lang.Object, java.lang.Object, java.lang.Object, java.lang.Object)'> (0x00000000c68255f8) 
thrown [s\open\src\hotspot\share\interpreter\linkResolver.cpp, line 804]
Event: 2.675 Thread 0x0000020e2c546730 Exception <a 'java/lang/NoClassDefFoundError'{0x00000000c68bd3e8}: com/google/inject/servlet/ServletModuleTargetVisitor> (0x00000000c68bd3e8) 
thrown [s\open\src\hotspot\share\classfile\systemDictionary.cpp, line 316]
Event: 2.802 Thread 0x0000020e2c546730 Exception <a 'java/lang/NoSuchMethodError'{0x00000000c654ed78}: 'java.lang.Object java.lang.invoke.DirectMethodHandle$Holder.invokeStaticInit(java.lang.Object, int, int, int, int)'> (0x00000000c654ed78) 
thrown [s\open\src\hotspot\share\interpreter\linkResolver.cpp, line 804]
Event: 2.929 Thread 0x0000020e2c546730 Implicit null exception at 0x0000020e3eb42e36 to 0x0000020e3eb438f8
Event: 2.986 Thread 0x0000020e2c546730 Exception <a 'java/lang/NoSuchMethodError'{0x00000000c60d8400}: 'void java.lang.invoke.DirectMethodHandle$Holder.invokeSpecial(java.lang.Object, java.lang.Object, java.lang.Object, java.lang.Object, java.lang.Object)'> (0x00000000c60d8400) 
thrown [s\open\src\hotspot\share\interpreter\linkResolver.cpp, line 804]
Event: 2.989 Thread 0x0000020e2c546730 Exception <a 'java/lang/NoSuchMethodError'{0x00000000c5f10788}: 'void java.lang.invoke.DirectMethodHandle$Holder.invokeSpecial(java.lang.Object, java.lang.Object, java.lang.Object, java.lang.Object, java.lang.Object, java.lang.Object)'> (0x00000000c5f10788) 
thrown [s\open\src\hotspot\share\interpreter\linkResolver.cpp, line 804]
Event: 3.009 Thread 0x0000020e2c546730 Exception <a 'java/lang/NoSuchMethodError'{0x00000000c5e69818}: 'java.lang.Object java.lang.invoke.DirectMethodHandle$Holder.invokeVirtual(java.lang.Object, java.lang.Object, java.lang.Object)'> (0x00000000c5e69818) 
thrown [s\open\src\hotspot\share\interpreter\linkResolver.cpp, line 804]
Event: 3.066 Thread 0x0000020e2c546730 Exception <a 'java/lang/NoSuchMethodError'{0x00000000c5aca428}: 'void java.lang.invoke.DirectMethodHandle$Holder.invokeVirtual(java.lang.Object, java.lang.Object, int)'> (0x00000000c5aca428) 
thrown [s\open\src\hotspot\share\interpreter\linkResolver.cpp, line 804]
Event: 3.070 Thread 0x0000020e2c546730 Exception <a 'java/lang/NoSuchMethodError'{0x00000000c5ae3250}: 'java.lang.Object java.lang.invoke.DirectMethodHandle$Holder.invokeStatic(java.lang.Object, java.lang.Object, java.lang.Object, java.lang.Object, int)'> (0x00000000c5ae3250) 
thrown [s\open\src\hotspot\share\interpreter\linkResolver.cpp, line 804]
Event: 3.072 Thread 0x0000020e2c546730 Exception <a 'java/lang/NoSuchMethodError'{0x00000000c5af4980}: 'void java.lang.invoke.DirectMethodHandle$Holder.invokeSpecial(java.lang.Object, java.lang.Object, java.lang.Object, int)'> (0x00000000c5af4980) 
thrown [s\open\src\hotspot\share\interpreter\linkResolver.cpp, line 804]
Event: 3.072 Thread 0x0000020e2c546730 Exception <a 'java/lang/NoSuchMethodError'{0x00000000c5afcd18}: 'void java.lang.invoke.DelegatingMethodHandle$Holder.reinvoke_L(java.lang.Object, java.lang.Object, int)'> (0x00000000c5afcd18) 
thrown [s\open\src\hotspot\share\interpreter\linkResolver.cpp, line 804]
Event: 3.873 Thread 0x0000020e2c546730 Implicit null exception at 0x0000020e3ebfe89b to 0x0000020e3ebff420
Event: 3.874 Thread 0x0000020e2c546730 Implicit null exception at 0x0000020e3ec023ca to 0x0000020e3ec025d0
Event: 3.874 Thread 0x0000020e2c546730 Implicit null exception at 0x0000020e3ebe7a39 to 0x0000020e3ebe8090
Event: 3.876 Thread 0x0000020e2c546730 Exception <a 'java/lang/NoSuchMethodError'{0x00000000c6062eb0}: 'void java.lang.invoke.DirectMethodHandle$Holder.invokeStatic(java.lang.Object, java.lang.Object, java.lang.Object, java.lang.Object)'> (0x00000000c6062eb0) 
thrown [s\open\src\hotspot\share\interpreter\linkResolver.cpp, line 804]
Event: 3.900 Thread 0x0000020e2c546730 Exception <a 'java/lang/NoSuchMethodError'{0x00000000c60fb8c0}: 'int java.lang.invoke.DirectMethodHandle$Holder.invokeSpecialIFC(java.lang.Object, java.lang.Object, java.lang.Object, java.lang.Object)'> (0x00000000c60fb8c0) 
thrown [s\open\src\hotspot\share\interpreter\linkResolver.cpp, line 804]

VM Operations (20 events):
Event: 2.645 Executing non-safepoint VM operation: HandshakeAllThreads (Deoptimize)
Event: 2.645 Executing non-safepoint VM operation: HandshakeAllThreads (Deoptimize) done
Event: 2.746 Executing non-safepoint VM operation: HandshakeAllThreads (Deoptimize)
Event: 2.746 Executing non-safepoint VM operation: HandshakeAllThreads (Deoptimize) done
Event: 2.775 Executing non-safepoint VM operation: HandshakeAllThreads (Deoptimize)
Event: 2.775 Executing non-safepoint VM operation: HandshakeAllThreads (Deoptimize) done
Event: 2.818 Executing non-safepoint VM operation: HandshakeAllThreads (Deoptimize)
Event: 2.818 Executing non-safepoint VM operation: HandshakeAllThreads (Deoptimize) done
Event: 2.839 Executing non-safepoint VM operation: HandshakeAllThreads (Deoptimize)
Event: 2.839 Executing non-safepoint VM operation: HandshakeAllThreads (Deoptimize) done
Event: 2.875 Executing non-safepoint VM operation: HandshakeAllThreads (Deoptimize)
Event: 2.875 Executing non-safepoint VM operation: HandshakeAllThreads (Deoptimize) done
Event: 2.876 Executing non-safepoint VM operation: HandshakeAllThreads (Deoptimize)
Event: 2.876 Executing non-safepoint VM operation: HandshakeAllThreads (Deoptimize) done
Event: 3.154 Executing safepoint VM operation: G1CollectForAllocation (G1 Evacuation Pause)
Event: 3.166 Executing safepoint VM operation: G1CollectForAllocation (G1 Evacuation Pause) done
Event: 4.074 Executing safepoint VM operation: G1CollectForAllocation (G1 Evacuation Pause)
Event: 4.092 Executing safepoint VM operation: G1CollectForAllocation (G1 Evacuation Pause) done
Event: 4.837 Executing safepoint VM operation: G1CollectForAllocation (G1 Evacuation Pause)
Event: 4.848 Executing safepoint VM operation: G1CollectForAllocation (G1 Evacuation Pause) done

Memory protections (0 events):
No events

Nmethod flushes (0 events):
No events

Events (14 events):
Event: 0.031 Thread 0x0000020e2c546730 Thread added: 0x0000020e2c546730
Event: 0.040 Thread 0x0000020e2c546730 Thread added: 0x0000020e2e859520
Event: 0.040 Thread 0x0000020e2c546730 Thread added: 0x0000020e2e85a380
Event: 0.041 Thread 0x0000020e2c546730 Thread added: 0x0000020e2e861640
Event: 0.041 Thread 0x0000020e2c546730 Thread added: 0x0000020e2e863360
Event: 0.041 Thread 0x0000020e2c546730 Thread added: 0x0000020e49796070
Event: 0.041 Thread 0x0000020e2c546730 Thread added: 0x0000020e2e86ac00
Event: 0.041 Thread 0x0000020e2c546730 Thread added: 0x0000020e2e86ca60
Event: 0.041 Thread 0x0000020e2c546730 Thread added: 0x0000020e49796f70
Event: 0.051 Thread 0x0000020e2c546730 Thread added: 0x0000020e498d3700
Event: 0.054 Thread 0x0000020e2c546730 Thread added: 0x0000020e498f8ce0
Event: 0.375 Thread 0x0000020e2c546730 Thread added: 0x0000020e4e04d7d0
Event: 0.458 Thread 0x0000020e4e04d7d0 Thread exited: 0x0000020e4e04d7d0
Event: 2.838 Thread 0x0000020e2c546730 Thread added: 0x0000020e4edae8d0


Dynamic libraries:
0x00007ff7e5ec0000 - 0x00007ff7e5ed0000 	C:\Program Files\Java\jdk-25.0.2\bin\java.exe
0x00007ffa0c860000 - 0x00007ffa0cac7000 	C:\Windows\SYSTEM32\ntdll.dll
0x00007ffa0b0c0000 - 0x00007ffa0b189000 	C:\Windows\System32\KERNEL32.DLL
0x00007ffa096b0000 - 0x00007ffa09aa4000 	C:\Windows\System32\KERNELBASE.dll
0x00007ffa0a320000 - 0x00007ffa0a46b000 	C:\Windows\System32\ucrtbase.dll
0x00007ff9e9340000 - 0x00007ff9e9357000 	C:\Program Files\Java\jdk-25.0.2\bin\jli.dll
0x00007ffa0a800000 - 0x00007ffa0a9c5000 	C:\Windows\System32\USER32.dll
0x00007ffa09400000 - 0x00007ffa09427000 	C:\Windows\System32\win32u.dll
0x00007ff9e8eb0000 - 0x00007ff9e8ece000 	C:\Program Files\Java\jdk-25.0.2\bin\VCRUNTIME140.dll
0x00007ffa0b9d0000 - 0x00007ffa0b9fb000 	C:\Windows\System32\GDI32.dll
0x00007ffa09580000 - 0x00007ffa096ab000 	C:\Windows\System32\gdi32full.dll
0x00007ffa09350000 - 0x00007ffa093f3000 	C:\Windows\System32\msvcp_win.dll
0x00007ff9f5960000 - 0x00007ff9f5bf3000 	C:\Windows\WinSxS\amd64_microsoft.windows.common-controls_6595b64144ccf1df_6.0.26100.8115_none_3e075c82e3354f9c\COMCTL32.dll
0x00007ffa0a650000 - 0x00007ffa0a6f9000 	C:\Windows\System32\msvcrt.dll
0x00007ffa0c030000 - 0x00007ffa0c062000 	C:\Windows\System32\IMM32.DLL
0x00007ff9fba50000 - 0x00007ff9fba5c000 	C:\Program Files\Java\jdk-25.0.2\bin\vcruntime140_1.dll
0x00007ff9d6a20000 - 0x00007ff9d6aad000 	C:\Program Files\Java\jdk-25.0.2\bin\msvcp140.dll
0x00007ff993140000 - 0x00007ff993f9f000 	C:\Program Files\Java\jdk-25.0.2\bin\server\jvm.dll
0x00007ffa0bf70000 - 0x00007ffa0c026000 	C:\Windows\System32\ADVAPI32.dll
0x00007ffa0bec0000 - 0x00007ffa0bf67000 	C:\Windows\System32\sechost.dll
0x00007ffa0ba10000 - 0x00007ffa0bb28000 	C:\Windows\System32\RPCRT4.dll
0x00007ffa0c070000 - 0x00007ffa0c0f0000 	C:\Windows\System32\WS2_32.dll
0x00007ff9f6ac0000 - 0x00007ff9f6af6000 	C:\Windows\SYSTEM32\WINMM.dll
0x00007ffa08f90000 - 0x00007ffa08fee000 	C:\Windows\SYSTEM32\POWRPROF.dll
0x00007ff9f2a70000 - 0x00007ff9f2a7b000 	C:\Windows\SYSTEM32\VERSION.dll
0x00007ffa08f70000 - 0x00007ffa08f84000 	C:\Windows\SYSTEM32\UMPDC.dll
0x00007ffa07ec0000 - 0x00007ffa07edb000 	C:\Windows\SYSTEM32\kernel.appcore.dll
0x00007ff9fb9c0000 - 0x00007ff9fb9ca000 	C:\Program Files\Java\jdk-25.0.2\bin\jimage.dll
0x00007ffa071d0000 - 0x00007ffa07412000 	C:\Windows\SYSTEM32\DBGHELP.DLL
0x00007ffa0a9d0000 - 0x00007ffa0ad52000 	C:\Windows\System32\combase.dll
0x00007ffa0c740000 - 0x00007ffa0c818000 	C:\Windows\System32\OLEAUT32.dll
0x00007ff9f16e0000 - 0x00007ff9f171b000 	C:\Windows\SYSTEM32\dbgcore.DLL
0x00007ffa09130000 - 0x00007ffa091d5000 	C:\Windows\System32\bcryptPrimitives.dll
0x00007ff9e8e90000 - 0x00007ff9e8eaf000 	C:\Program Files\Java\jdk-25.0.2\bin\java.dll
0x00007ffa0bd10000 - 0x00007ffa0bea7000 	C:\Windows\System32\ole32.dll
0x00007ffa0b1c0000 - 0x00007ffa0b927000 	C:\Windows\System32\SHELL32.dll
0x00007ffa091e0000 - 0x00007ffa0934a000 	C:\Windows\System32\wintypes.dll
0x00007ffa09ab0000 - 0x00007ffa0a318000 	C:\Windows\System32\windows.storage.dll
0x00007ffa0ad60000 - 0x00007ffa0ae58000 	C:\Windows\System32\SHCORE.dll
0x00007ffa0c100000 - 0x00007ffa0c166000 	C:\Windows\System32\shlwapi.dll
0x00007ffa09050000 - 0x00007ffa09079000 	C:\Windows\SYSTEM32\profapi.dll
0x00007ff9e6e60000 - 0x00007ff9e6e72000 	C:\Program Files\Java\jdk-25.0.2\bin\net.dll
0x00007ffa08430000 - 0x00007ffa0849c000 	C:\Windows\system32\mswsock.dll
0x00007ff9e56d0000 - 0x00007ff9e56e6000 	C:\Program Files\Java\jdk-25.0.2\bin\nio.dll
0x00007ff9e4170000 - 0x00007ff9e4187000 	C:\Program Files\Java\jdk-25.0.2\bin\zip.dll
0x00007ff9e0f80000 - 0x00007ff9e0fa4000 	C:\Users\Administrator\.m2\wrapper\dists\apache-maven-3.9.16\0daed3be3ebd1c706f0e69e8b07c6b73f5cc4ea3dfce72a8d0ec2e849ca2ddb0\lib\jansi-native\Windows\x86_64\jansi.dll
0x00007ff9f7cd0000 - 0x00007ff9f7ce0000 	C:\Program Files\Java\jdk-25.0.2\bin\verify.dll

JVMTI agents: none

dbghelp: loaded successfully - version: 4.0.5 - missing functions: none
symbol engine: initialized successfully - sym options: 0x614 - pdb path: .;C:\Program Files\Java\jdk-25.0.2\bin;C:\Windows\SYSTEM32;C:\Windows\WinSxS\amd64_microsoft.windows.common-controls_6595b64144ccf1df_6.0.26100.8115_none_3e075c82e3354f9c;C:\Program Files\Java\jdk-25.0.2\bin\server;C:\Users\Administrator\.m2\wrapper\dists\apache-maven-3.9.16\0daed3be3ebd1c706f0e69e8b07c6b73f5cc4ea3dfce72a8d0ec2e849ca2ddb0\lib\jansi-native\Windows\x86_64

VM Arguments:
jvm_args: --enable-native-access=ALL-UNNAMED -Dclassworlds.conf=C:\Users\Administrator\.m2\wrapper\dists\apache-maven-3.9.16\0daed3be3ebd1c706f0e69e8b07c6b73f5cc4ea3dfce72a8d0ec2e849ca2ddb0\bin\m2.conf -Dmaven.home=C:\Users\Administrator\.m2\wrapper\dists\apache-maven-3.9.16\0daed3be3ebd1c706f0e69e8b07c6b73f5cc4ea3dfce72a8d0ec2e849ca2ddb0 -Dlibrary.jansi.path=C:\Users\Administrator\.m2\wrapper\dists\apache-maven-3.9.16\0daed3be3ebd1c706f0e69e8b07c6b73f5cc4ea3dfce72a8d0ec2e849ca2ddb0\lib\jansi-native -Dmaven.multiModuleProjectDirectory=D:\.STMIK MI\SMT6\Java Lanjut\project_uas\internship-tracking-backend 
java_command: org.codehaus.plexus.classworlds.launcher.Launcher spring-boot:run
java_class_path (initial): C:\Users\Administrator\.m2\wrapper\dists\apache-maven-3.9.16\0daed3be3ebd1c706f0e69e8b07c6b73f5cc4ea3dfce72a8d0ec2e849ca2ddb0\boot\plexus-classworlds-2.11.0.jar
Launcher Type: SUN_STANDARD

[Global flags]
     intx CICompilerCount                          = 3                                         {product} {ergonomic}
     uint ConcGCThreads                            = 1                                         {product} {ergonomic}
     uint G1ConcRefinementThreads                  = 4                                         {product} {ergonomic}
   size_t G1HeapRegionSize                         = 1048576                                   {product} {ergonomic}
   size_t InitialHeapSize                          = 65011712                                  {product} {ergonomic}
   size_t MarkStackSize                            = 4194304                                   {product} {ergonomic}
   size_t MarkStackSizeMax                         = 536870912                                 {product} {ergonomic}
   size_t MaxHeapSize                              = 1012924416                                {product} {ergonomic}
   size_t MaxNewSize                               = 607125504                                 {product} {ergonomic}
   size_t MinHeapDeltaBytes                        = 1048576                                   {product} {ergonomic}
   size_t MinHeapSize                              = 8388608                                   {product} {ergonomic}
    uintx NonNMethodCodeHeapSize                   = 5832704                                {pd product} {ergonomic}
    uintx NonProfiledCodeHeapSize                  = 122945536                              {pd product} {ergonomic}
    uintx ProfiledCodeHeapSize                     = 122880000                              {pd product} {ergonomic}
    uintx ReservedCodeCacheSize                    = 251658240                              {pd product} {ergonomic}
     bool SegmentedCodeCache                       = true                                      {product} {ergonomic}
   size_t SoftMaxHeapSize                          = 1012924416                             {manageable} {ergonomic}
     bool UseCompressedOops                        = true                           {product lp64_product} {ergonomic}
     bool UseG1GC                                  = true                                      {product} {ergonomic}
     bool UseLargePagesIndividualAllocation        = false                                  {pd product} {ergonomic}

Logging:
Log output configuration:
 #0: stdout all=warning uptime,level,tags foldmultilines=false
 #1: stderr all=off uptime,level,tags foldmultilines=false

Release file:
IMPLEMENTOR="Oracle Corporation" 
JAVA_RUNTIME_VERSION="25.0.2+10-LTS-69" 
JAVA_VERSION="25.0.2" 
JAVA_VERSION_DATE="2026-01-20" 
LIBC="default" 
MODULES="java.base java.compiler java.datatransfer java.xml java.prefs java.desktop java.instrument java.logging java.management java.security.sasl java.naming java.rmi java.management.rmi java.net.http java.scripting java.security.jgss java.transaction.xa java.sql java.sql.rowset java.xml.crypto java.se java.smartcardio jdk.accessibility jdk.internal.jvmstat jdk.attach jdk.charsets jdk.internal.opt jdk.zipfs jdk.compiler jdk.crypto.cryptoki jdk.crypto.ec jdk.crypto.mscapi jdk.dynalink jdk.internal.ed jdk.editpad jdk.internal.vm.ci jdk.graal.compiler jdk.graal.compiler.management jdk.hotspot.agent jdk.httpserver jdk.incubator.vector jdk.internal.le jdk.internal.md jdk.jartool jdk.javadoc jdk.jcmd jdk.management jdk.management.agent jdk.jconsole jdk.jdeps jdk.jdwp.agent jdk.jdi jdk.jfr jdk.jlink jdk.jpackage jdk.jshell jdk.jsobject jdk.jstatd jdk.localedata jdk.management.jfr jdk.naming.dns jdk.naming.rmi jdk.net jdk.nio.mapmode jdk.sctp jdk.security.auth jdk.security.jgss jdk.unsupported jdk.unsupported.desktop jdk.xml.dom" 
OS_ARCH="x86_64" 
OS_NAME="Windows" 
SOURCE=".:git:b75efb40c93a open:git:405a5699ebd0" 

Environment Variables:
PATH=C:\Program Files\Common Files\Oracle\Java\javapath;C:\Windows\system32;C:\Windows;C:\Windows\System32\Wbem;C:\Windows\System32\WindowsPowerShell\v1.0\;C:\Windows\System32\OpenSSH\;C:\xampp\php;C:\ProgramData\ComposerSetup\bin;C:\Program Files\nodejs\;C:\maven\bin;C:\Program Files\Git\cmd;C:\Users\Administrator\AppData\Local\Programs\Python\Launcher\;C:\Users\Administrator\AppData\Local\Microsoft\WindowsApps;C:\Users\Administrator\AppData\Local\Programs\Microsoft VS Code\bin;C:\Users\Administrator\AppData\Roaming\Composer\vendor\bin;C:\Users\Administrator\AppData\Roaming\npm;C:\Users\Administrator\AppData\Local\Python\bin;c:\Users\Administrator\.vscode\extensions\vscjava.vscode-java-debug-0.59.0\bundled\scripts\noConfigScripts
USERNAME=Hasyifa
LANG=en_US.UTF-8
OS=Windows_NT
PROCESSOR_IDENTIFIER=Intel64 Family 6 Model 126 Stepping 5, GenuineIntel
TMP=C:\Users\ADMINI~1\AppData\Local\Temp
TEMP=C:\Users\ADMINI~1\AppData\Local\Temp




Compilation memory statistics disabled.

Periodic native trim disabled

---------------  S Y S T E M  ---------------

OS:
 Windows 11 , 64 bit Build 26100 (10.0.26100.8246)
OS uptime: 0 days 6:21 hours

CPU: total 4 (initial active 4) (2 cores per cpu, 2 threads per core) family 6 model 126 stepping 5 microcode 0x96, cx8, cmov, fxsr, ht, mmx, 3dnowpref, sse, sse2, sse3, ssse3, sse4.1, sse4.2, popcnt, lzcnt, tsc, tscinvbit, avx, avx2, aes, erms, clmul, bmi1, bmi2, adx, avx512f, avx512dq, avx512cd, avx512bw, avx512vl, sha, fma, vzeroupper, avx512_vpopcntdq, avx512_vpclmulqdq, avx512_vaes, avx512_vnni, clflush, clflushopt, avx512_vbmi2, avx512_vbmi, rdtscp, rdpid, fsrm, gfni, avx512_bitalg, f16c, pku, avx512_ifma
Processor Information for processor 0
  Max Mhz: 1190, Current Mhz: 1190, Mhz Limit: 1190
Processor Information for processor 1
  Max Mhz: 1190, Current Mhz: 1190, Mhz Limit: 1190
Processor Information for processor 2
  Max Mhz: 1190, Current Mhz: 991, Mhz Limit: 1190
Processor Information for processor 3
  Max Mhz: 1190, Current Mhz: 1190, Mhz Limit: 1190

Memory: 4k page, system-wide physical 3863M (306M free)
TotalPageFile size 7863M (AvailPageFile size 15M)
current process WorkingSet (physical memory assigned to process): 151M, peak: 154M
current process commit charge ("private bytes"): 189M, peak: 202M

vm_info: Java HotSpot(TM) 64-Bit Server VM (25.0.2+10-LTS-69) for windows-amd64 JRE (25.0.2+10-LTS-69), built on 2025-12-18T11:36:35Z with MS VC++ 17.13 (VS2022)

END.
