#
# There is insufficient memory for the Java Runtime Environment to continue.
# Native memory allocation (malloc) failed to allocate 373296 bytes. Error detail: Chunk::new
# Possible reasons:
#   The system is out of physical RAM or swap space
#   This process is running with CompressedOops enabled, and the Java Heap may be blocking the growth of the native heap
# Possible solutions:
#   Reduce memory load on the system
#   Increase physical memory or swap space
#   Check if swap backing store is full
#   Decrease Java heap size (-Xmx/-Xms)
#   Decrease number of Java threads
#   Decrease Java thread stack sizes (-Xss)
#   Set larger code cache with -XX:ReservedCodeCacheSize=
#   JVM is running with Unscaled Compressed Oops mode in which the Java heap is
#     placed in the first 4GB address space. The Java Heap base address is the
#     maximum limit for the native heap growth. Please use -XX:HeapBaseMinAddress
#     to set the Java Heap base and to place the Java Heap above 4GB virtual address.
# This output file may be truncated or incomplete.
#
#  Out of Memory Error (arena.cpp:168), pid=3300, tid=11796
#
# JRE version: OpenJDK Runtime Environment Temurin-21.0.10+7 (21.0.10+7) (build 21.0.10+7-LTS)
# Java VM: OpenJDK 64-Bit Server VM Temurin-21.0.10+7 (21.0.10+7-LTS, mixed mode, sharing, tiered, compressed oops, compressed class ptrs, parallel gc, windows-amd64)
# No core dump will be written. Minidumps are not enabled by default on client versions of Windows
#

---------------  S U M M A R Y ------------

Command Line: --add-modules=ALL-SYSTEM --add-opens=java.base/java.util=ALL-UNNAMED --add-opens=java.base/java.lang=ALL-UNNAMED --add-opens=java.base/sun.nio.fs=ALL-UNNAMED -Declipse.application=org.eclipse.jdt.ls.core.id1 -Dosgi.bundles.defaultStartLevel=4 -Declipse.product=org.eclipse.jdt.ls.core.product -Djava.import.generatesMetadataFilesAtProjectRoot=false -DDetectVMInstallationsJob.disabled=true -Dfile.encoding=utf8 -XX:+UseParallelGC -XX:GCTimeRatio=4 -XX:AdaptiveSizePolicyWeight=90 -Dsun.zip.disableMemoryMapping=true -Xmx2G -Xms100m -Xlog:disable -javaagent:c:\Users\Administrator\.vscode\extensions\redhat.java-1.54.0-win32-x64\lombok\lombok-1.18.39-4050.jar -XX:+HeapDumpOnOutOfMemoryError -XX:HeapDumpPath=c:\Users\Administrator\AppData\Roaming\Code\User\workspaceStorage\562a171713ff7e188a8572a3498bd429\redhat.java -Daether.dependencyCollector.impl=bf c:\Users\Administrator\.vscode\extensions\redhat.java-1.54.0-win32-x64\server\plugins\org.eclipse.equinox.launcher_1.7.100.v20251111-0406.jar -configuration c:\Users\Administrator\AppData\Roaming\Code\User\globalStorage\redhat.java\1.54.0\config_win -data c:\Users\Administrator\AppData\Roaming\Code\User\workspaceStorage\562a171713ff7e188a8572a3498bd429\redhat.java\jdt_ws --pipe=\\.\pipe\lsp-514f3124f9690c0530cb43e9a1d1314a-sock

Host: Intel(R) Core(TM) i3-1005G1 CPU @ 1.20GHz, 4 cores, 3G,  Windows 11 , 64 bit Build 26100 (10.0.26100.8246)
Time: Wed Jun 24 23:04:33 2026 SE Asia Standard Time elapsed time: 5353.201828 seconds (0d 1h 29m 13s)

---------------  T H R E A D  ---------------

Current thread (0x00000226d935a9e0):  JavaThread "C2 CompilerThread0" daemon [_thread_in_native, id=11796, stack(0x000000b790400000,0x000000b790500000) (1024K)]


Current CompileTask:
C2:5353201 15628 %     4       java.util.zip.ZipFile$Source::initCEN @ 261 (612 bytes)

Stack: [0x000000b790400000,0x000000b790500000]
Native frames: (J=compiled Java code, j=interpreted, Vv=VM code, C=native code)
V  [jvm.dll+0x6d7a39]
V  [jvm.dll+0x8b4b26]
V  [jvm.dll+0x8b70de]
V  [jvm.dll+0x8b77c3]
V  [jvm.dll+0x284346]
V  [jvm.dll+0xc66ed]
V  [jvm.dll+0xc6c31]
V  [jvm.dll+0x3bec01]
V  [jvm.dll+0x1e3d62]
V  [jvm.dll+0x24c6b3]
V  [jvm.dll+0x24bb40]
V  [jvm.dll+0x1cb34e]
V  [jvm.dll+0x25b85d]
V  [jvm.dll+0x259dea]
V  [jvm.dll+0x3f857e]
V  [jvm.dll+0x85f59d]
V  [jvm.dll+0x6d626d]
C  [ucrtbase.dll+0x37b0]
C  [KERNEL32.DLL+0x2e8d7]
C  [ntdll.dll+0x8c3fc]


---------------  P R O C E S S  ---------------

Threads class SMR info:
_java_thread_list=0x00000226f8be6330, length=35, elements={
0x00000226d71b7e00, 0x00000226d9348e70, 0x00000226d934b250, 0x00000226d934fd20,
0x00000226d9350780, 0x00000226d9353500, 0x00000226d9355f70, 0x00000226d935a9e0,
0x00000226d937f720, 0x00000226f0b3e490, 0x00000226f0c59390, 0x00000226f5686e30,
0x00000226f573cf30, 0x00000226f557d350, 0x00000226f557a970, 0x00000226f5acc260,
0x00000226f5b51570, 0x00000226f60b1490, 0x00000226f58af4a0, 0x00000226f58b0850,
0x00000226f7b5b9a0, 0x00000226f7b5b310, 0x00000226f7b59f60, 0x00000226f7b5c6c0,
0x00000226f7b5cd50, 0x00000226f7b5d3e0, 0x00000226f7b5da70, 0x00000226f7b5a5f0,
0x00000226fd6c9630, 0x00000226fd6cc420, 0x00000226fd6c8280, 0x00000226fd6ccab0,
0x00000226fd6cd140, 0x00000226f7b5e790, 0x00000226f7b5f4b0
}

Java Threads: ( => current thread )
  0x00000226d71b7e00 JavaThread "main"                              [_thread_blocked, id=11800, stack(0x000000b78fa00000,0x000000b78fb00000) (1024K)]
  0x00000226d9348e70 JavaThread "Reference Handler"          daemon [_thread_blocked, id=11856, stack(0x000000b78fe00000,0x000000b78ff00000) (1024K)]
  0x00000226d934b250 JavaThread "Finalizer"                  daemon [_thread_blocked, id=12256, stack(0x000000b78ff00000,0x000000b790000000) (1024K)]
  0x00000226d934fd20 JavaThread "Signal Dispatcher"          daemon [_thread_blocked, id=11788, stack(0x000000b790000000,0x000000b790100000) (1024K)]
  0x00000226d9350780 JavaThread "Attach Listener"            daemon [_thread_blocked, id=11804, stack(0x000000b790100000,0x000000b790200000) (1024K)]
  0x00000226d9353500 JavaThread "Service Thread"             daemon [_thread_blocked, id=11792, stack(0x000000b790200000,0x000000b790300000) (1024K)]
  0x00000226d9355f70 JavaThread "Monitor Deflation Thread"   daemon [_thread_blocked, id=11576, stack(0x000000b790300000,0x000000b790400000) (1024K)]
=>0x00000226d935a9e0 JavaThread "C2 CompilerThread0"         daemon [_thread_in_native, id=11796, stack(0x000000b790400000,0x000000b790500000) (1024K)]
  0x00000226d937f720 JavaThread "C1 CompilerThread0"         daemon [_thread_blocked, id=11268, stack(0x000000b790500000,0x000000b790600000) (1024K)]
  0x00000226f0b3e490 JavaThread "Common-Cleaner"             daemon [_thread_blocked, id=2776, stack(0x000000b790600000,0x000000b790700000) (1024K)]
  0x00000226f0c59390 JavaThread "Notification Thread"        daemon [_thread_blocked, id=11172, stack(0x000000b790800000,0x000000b790900000) (1024K)]
  0x00000226f5686e30 JavaThread "Active Thread: Equinox Container: f6845b10-0814-4169-b606-39dbf584a9d9"        [_thread_blocked, id=11468, stack(0x000000b790c00000,0x000000b790d00000) (1024K)]
  0x00000226f573cf30 JavaThread "Refresh Thread: Equinox Container: f6845b10-0814-4169-b606-39dbf584a9d9" daemon [_thread_blocked, id=11356, stack(0x000000b790d00000,0x000000b790e00000) (1024K)]
  0x00000226f557d350 JavaThread "Framework Event Dispatcher: Equinox Container: f6845b10-0814-4169-b606-39dbf584a9d9" daemon [_thread_blocked, id=11412, stack(0x000000b790e00000,0x000000b790f00000) (1024K)]
  0x00000226f557a970 JavaThread "Start Level: Equinox Container: f6845b10-0814-4169-b606-39dbf584a9d9" daemon [_thread_blocked, id=6216, stack(0x000000b790f00000,0x000000b791000000) (1024K)]
  0x00000226f5acc260 JavaThread "Bundle File Closer"         daemon [_thread_blocked, id=9200, stack(0x000000b791000000,0x000000b791100000) (1024K)]
  0x00000226f5b51570 JavaThread "SCR Component Actor"        daemon [_thread_blocked, id=6580, stack(0x000000b791100000,0x000000b791200000) (1024K)]
  0x00000226f60b1490 JavaThread "Worker-JM"                         [_thread_blocked, id=11808, stack(0x000000b791200000,0x000000b791300000) (1024K)]
  0x00000226f58af4a0 JavaThread "JNA Cleaner"                daemon [_thread_blocked, id=11940, stack(0x000000b791300000,0x000000b791400000) (1024K)]
  0x00000226f58b0850 JavaThread "Java indexing"              daemon [_thread_blocked, id=10188, stack(0x000000b791700000,0x000000b791800000) (1024K)]
  0x00000226f7b5b9a0 JavaThread "Thread-1"                   daemon [_thread_in_native, id=3936, stack(0x000000b791d00000,0x000000b791e00000) (1024K)]
  0x00000226f7b5b310 JavaThread "Thread-2"                   daemon [_thread_in_native, id=10732, stack(0x000000b791e00000,0x000000b791f00000) (1024K)]
  0x00000226f7b59f60 JavaThread "Thread-3"                   daemon [_thread_in_native, id=10604, stack(0x000000b791f00000,0x000000b792000000) (1024K)]
  0x00000226f7b5c6c0 JavaThread "Thread-4"                   daemon [_thread_blocked, id=9932, stack(0x000000b792000000,0x000000b792100000) (1024K)]
  0x00000226f7b5cd50 JavaThread "Thread-5"                   daemon [_thread_in_native, id=6884, stack(0x000000b792100000,0x000000b792200000) (1024K)]
  0x00000226f7b5d3e0 JavaThread "pool-2-thread-1"                   [_thread_blocked, id=4688, stack(0x000000b792200000,0x000000b792300000) (1024K)]
  0x00000226f7b5da70 JavaThread "WorkspaceEventsHandler"            [_thread_blocked, id=5512, stack(0x000000b792300000,0x000000b792400000) (1024K)]
  0x00000226f7b5a5f0 JavaThread "pool-1-thread-1"                   [_thread_blocked, id=7008, stack(0x000000b792400000,0x000000b792500000) (1024K)]
  0x00000226fd6c9630 JavaThread "Cleaner-0"                  daemon [_thread_blocked, id=7696, stack(0x000000b793100000,0x000000b793200000) (1024K)]
  0x00000226fd6cc420 JavaThread "Worker-9"                          [_thread_blocked, id=8972, stack(0x000000b78f900000,0x000000b78fa00000) (1024K)]
  0x00000226fd6c8280 JavaThread "ForkJoinPool.commonPool-worker-9" daemon [_thread_blocked, id=9656, stack(0x000000b790700000,0x000000b790800000) (1024K)]
  0x00000226fd6ccab0 JavaThread "ForkJoinPool.commonPool-worker-10" daemon [_thread_blocked, id=10472, stack(0x000000b791400000,0x000000b791500000) (1024K)]
  0x00000226fd6cd140 JavaThread "ForkJoinPool.commonPool-worker-11" daemon [_thread_blocked, id=12000, stack(0x000000b791500000,0x000000b791600000) (1024K)]
  0x00000226f7b5e790 JavaThread "Worker-12"                         [_thread_blocked, id=11048, stack(0x000000b78f800000,0x000000b78f900000) (1024K)]
  0x00000226f7b5f4b0 JavaThread "Worker-13"                         [_thread_blocked, id=7880, stack(0x000000b78f700000,0x000000b78f800000) (1024K)]
Total: 35

Other Threads:
  0x00000226d951af10 VMThread "VM Thread"                           [id=11852, stack(0x000000b78fd00000,0x000000b78fe00000) (1024K)]
  0x00000226d94c6c80 WatcherThread "VM Periodic Task Thread"        [id=11848, stack(0x000000b78fc00000,0x000000b78fd00000) (1024K)]
  0x00000226d9479840 WorkerThread "GC Thread#0"                     [id=11816, stack(0x000000b78fb00000,0x000000b78fc00000) (1024K)]
  0x00000226f52195c0 WorkerThread "GC Thread#1"                     [id=11280, stack(0x000000b790900000,0x000000b790a00000) (1024K)]
  0x00000226f5181070 WorkerThread "GC Thread#2"                     [id=11480, stack(0x000000b790a00000,0x000000b790b00000) (1024K)]
  0x00000226f5073050 WorkerThread "GC Thread#3"                     [id=10948, stack(0x000000b790b00000,0x000000b790c00000) (1024K)]
Total: 6

Threads with active compile tasks:
C2 CompilerThread0  5353254 15628 %     4       java.util.zip.ZipFile$Source::initCEN @ 261 (612 bytes)
C1 CompilerThread0  5353254 15637       3       org.eclipse.jdt.internal.compiler.ast.CompilationUnitDeclaration::<init> (44 bytes)
Total: 2

VM state: at safepoint (normal execution)

VM Mutex/Monitor currently owned by a thread:  ([mutex/lock_event])
[0x00007ffe8176e560] Threads_lock - owner thread: 0x00000226d951af10
[0x00007ffe8176e660] Heap_lock - owner thread: 0x00000226fd6c8280

Heap address: 0x0000000080000000, size: 2048 MB, Compressed Oops mode: 32-bit

CDS archive(s) mapped at: [0x0000022680000000-0x0000022680ba0000-0x0000022680ba0000), size 12189696, SharedBaseAddress: 0x0000022680000000, ArchiveRelocationMode: 1.
Compressed class space mapped at: 0x0000022681000000-0x00000226c1000000, reserved size: 1073741824
Narrow klass base: 0x0000022680000000, Narrow klass shift: 0, Narrow klass range: 0x100000000

GC Precious Log:
 CardTable entry size: 512
 CPUs: 4 total, 4 available
 Memory: 3863M
 Large Page Support: Disabled
 NUMA Support: Disabled
 Compressed Oops: Enabled (32-bit)
 Alignments: Space 512K, Generation 512K, Heap 2M
 Heap Min Capacity: 100M
 Heap Initial Capacity: 100M
 Heap Max Capacity: 2G
 Pre-touch: Disabled
 Parallel Workers: 4

Heap:
 PSYoungGen      total 1536K, used 130K [0x00000000d5580000, 0x00000000d5980000, 0x0000000100000000)
  eden space 1024K, 0% used [0x00000000d5580000,0x00000000d5580ab0,0x00000000d5680000)
  from space 512K, 25% used [0x00000000d5900000,0x00000000d5920000,0x00000000d5980000)
  to   space 512K, 0% used [0x00000000d5880000,0x00000000d5880000,0x00000000d5900000)
 ParOldGen       total 155648K, used 155286K [0x0000000080000000, 0x0000000089800000, 0x00000000d5580000)
  object space 155648K, 99% used [0x0000000080000000,0x00000000897a5950,0x0000000089800000)
 Metaspace       used 76141K, committed 77888K, reserved 1179648K
  class space    used 7810K, committed 8576K, reserved 1048576K

Card table byte_map: [0x00000226d8e00000,0x00000226d9210000] _byte_map_base: 0x00000226d8a00000

Marking Bits: (ParMarkBitMap*) 0x00007ffe81773450
 Begin Bits: [0x00000226eb910000, 0x00000226ed910000)
 End Bits:   [0x00000226ed910000, 0x00000226ef910000)

Polling page: 0x00000226d72f0000

Metaspace:

Usage:
  Non-class:     66.73 MB used.
      Class:      7.63 MB used.
       Both:     74.36 MB used.

Virtual space:
  Non-class space:      128.00 MB reserved,      67.69 MB ( 53%) committed,  2 nodes.
      Class space:        1.00 GB reserved,       8.38 MB ( <1%) committed,  1 nodes.
             Both:        1.12 GB reserved,      76.06 MB (  7%) committed. 

Chunk freelists:
   Non-Class:  12.10 MB
       Class:  7.65 MB
        Both:  19.74 MB

MaxMetaspaceSize: unlimited
CompressedClassSpaceSize: 1.00 GB
Initial GC threshold: 21.00 MB
Current GC threshold: 97.81 MB
CDS: on
 - commit_granule_bytes: 65536.
 - commit_granule_words: 8192.
 - virtual_space_node_default_size: 8388608.
 - enlarge_chunks_in_place: 1.
 - use_allocation_guard: 0.


Internal statistics:

num_allocs_failed_limit: 13.
num_arena_births: 1522.
num_arena_deaths: 14.
num_vsnodes_births: 3.
num_vsnodes_deaths: 0.
num_space_committed: 1217.
num_space_uncommitted: 0.
num_chunks_returned_to_freelist: 27.
num_chunks_taken_from_freelist: 5338.
num_chunk_merges: 19.
num_chunk_splits: 3214.
num_chunks_enlarged: 1740.
num_inconsistent_stats: 0.

CodeHeap 'non-profiled nmethods': size=120000Kb used=13088Kb max_used=13088Kb free=106911Kb
 bounds [0x00000226e4130000, 0x00000226e4e00000, 0x00000226eb660000]
CodeHeap 'profiled nmethods': size=120000Kb used=36568Kb max_used=36568Kb free=83431Kb
 bounds [0x00000226dc660000, 0x00000226dea20000, 0x00000226e3b90000]
CodeHeap 'non-nmethods': size=5760Kb used=1487Kb max_used=1586Kb free=4273Kb
 bounds [0x00000226e3b90000, 0x00000226e3e00000, 0x00000226e4130000]
CodeCache: size=245760Kb, used=51143Kb, max_used=51242Kb, free=194615Kb
 total_blobs=15630, nmethods=14834, adapters=700, full_count=0
Compilation: enabled, stopped_count=0, restarted_count=0

Compilation events (20 events):
Event: 5353.031 Thread 0x00000226d937f720 15621       3       org.eclipse.jdt.internal.compiler.util.HashtableOfObjectToInt::rehash (78 bytes)
Event: 5353.031 Thread 0x00000226d937f720 nmethod 15621 0x00000226dea08b10 code [0x00000226dea08ce0, 0x00000226dea09078]
Event: 5353.048 Thread 0x00000226d935a9e0 nmethod 15620 0x00000226e4df3610 code [0x00000226e4df3860, 0x00000226e4df4260]
Event: 5353.050 Thread 0x00000226d937f720 15622       3       java.net.URI::normalizedHash (84 bytes)
Event: 5353.051 Thread 0x00000226d937f720 nmethod 15622 0x00000226dea09290 code [0x00000226dea09520, 0x00000226dea0a280]
Event: 5353.059 Thread 0x00000226d935a9e0 15623   !   4       org.eclipse.jdt.internal.core.NameLookup::seekModule (267 bytes)
Event: 5353.064 Thread 0x00000226d937f720 15624       3       org.eclipse.jdt.internal.compiler.lookup.SplitPackageBinding::add (125 bytes)
Event: 5353.066 Thread 0x00000226d937f720 nmethod 15624 0x00000226dea0a810 code [0x00000226dea0ab00, 0x00000226dea0c078]
Event: 5353.096 Thread 0x00000226d935a9e0 nmethod 15623 0x00000226e4df4990 code [0x00000226e4df4c40, 0x00000226e4df60d0]
Event: 5353.096 Thread 0x00000226d935a9e0 15625       4       java.util.stream.Nodes$FixedNodeBuilder::begin (52 bytes)
Event: 5353.098 Thread 0x00000226d935a9e0 nmethod 15625 0x00000226e4df6e10 code [0x00000226e4df6fa0, 0x00000226e4df7080]
Event: 5353.098 Thread 0x00000226d935a9e0 15626       4       java.util.stream.Nodes$FixedNodeBuilder::end (51 bytes)
Event: 5353.099 Thread 0x00000226d935a9e0 nmethod 15626 0x00000226e4df7190 code [0x00000226e4df7320, 0x00000226e4df73e8]
Event: 5353.115 Thread 0x00000226d935a9e0 15627 % !   4       org.eclipse.jdt.internal.compiler.lookup.BinaryTypeBinding::createMethods @ 293 (411 bytes)
Event: 5353.129 Thread 0x00000226d935a9e0 nmethod 15627% 0x00000226e4df7490 code [0x00000226e4df7660, 0x00000226e4df7d90]
Event: 5353.132 Thread 0x00000226d935a9e0 15628 %     4       java.util.zip.ZipFile$Source::initCEN @ 261 (612 bytes)
Event: 5353.148 Thread 0x00000226d937f720 15630       3       org.eclipse.jdt.internal.compiler.parser.Scanner::getLineEnds (39 bytes)
Event: 5353.148 Thread 0x00000226d937f720 nmethod 15630 0x00000226dea0c590 code [0x00000226dea0c740, 0x00000226dea0ca10]
Event: 5353.158 Thread 0x00000226d937f720 15631       3       lombok.eclipse.handlers.EclipseHandlerUtil::copyType (631 bytes)
Event: 5353.162 Thread 0x00000226d937f720 nmethod 15631 0x00000226dea0cb10 code [0x00000226dea0d0c0, 0x00000226dea10be8]

GC Heap History (20 events):
Event: 5322.060 GC heap before
{Heap before GC invocations=208 (full 3):
 PSYoungGen      total 1536K, used 1152K [0x00000000d5580000, 0x00000000d5980000, 0x0000000100000000)
  eden space 1024K, 100% used [0x00000000d5580000,0x00000000d5680000,0x00000000d5680000)
  from space 512K, 25% used [0x00000000d5900000,0x00000000d5920000,0x00000000d5980000)
  to   space 512K, 0% used [0x00000000d5880000,0x00000000d5880000,0x00000000d5900000)
 ParOldGen       total 154624K, used 154474K [0x0000000080000000, 0x0000000089700000, 0x00000000d5580000)
  object space 154624K, 99% used [0x0000000080000000,0x00000000896daac8,0x0000000089700000)
 Metaspace       used 76062K, committed 77824K, reserved 1179648K
  class space    used 7805K, committed 8576K, reserved 1048576K
}
Event: 5322.061 GC heap after
{Heap after GC invocations=208 (full 3):
 PSYoungGen      total 1536K, used 128K [0x00000000d5580000, 0x00000000d5980000, 0x0000000100000000)
  eden space 1024K, 0% used [0x00000000d5580000,0x00000000d5580000,0x00000000d5680000)
  from space 512K, 25% used [0x00000000d5880000,0x00000000d58a0000,0x00000000d5900000)
  to   space 512K, 0% used [0x00000000d5900000,0x00000000d5900000,0x00000000d5980000)
 ParOldGen       total 154624K, used 154490K [0x0000000080000000, 0x0000000089700000, 0x00000000d5580000)
  object space 154624K, 99% used [0x0000000080000000,0x00000000896deac8,0x0000000089700000)
 Metaspace       used 76062K, committed 77824K, reserved 1179648K
  class space    used 7805K, committed 8576K, reserved 1048576K
}
Event: 5322.115 GC heap before
{Heap before GC invocations=209 (full 3):
 PSYoungGen      total 1536K, used 1152K [0x00000000d5580000, 0x00000000d5980000, 0x0000000100000000)
  eden space 1024K, 100% used [0x00000000d5580000,0x00000000d5680000,0x00000000d5680000)
  from space 512K, 25% used [0x00000000d5880000,0x00000000d58a0000,0x00000000d5900000)
  to   space 512K, 0% used [0x00000000d5900000,0x00000000d5900000,0x00000000d5980000)
 ParOldGen       total 154624K, used 154490K [0x0000000080000000, 0x0000000089700000, 0x00000000d5580000)
  object space 154624K, 99% used [0x0000000080000000,0x00000000896deac8,0x0000000089700000)
 Metaspace       used 76070K, committed 77824K, reserved 1179648K
  class space    used 7805K, committed 8576K, reserved 1048576K
}
Event: 5322.115 GC heap after
{Heap after GC invocations=209 (full 3):
 PSYoungGen      total 1536K, used 128K [0x00000000d5580000, 0x00000000d5980000, 0x0000000100000000)
  eden space 1024K, 0% used [0x00000000d5580000,0x00000000d5580000,0x00000000d5680000)
  from space 512K, 25% used [0x00000000d5900000,0x00000000d5920000,0x00000000d5980000)
  to   space 512K, 0% used [0x00000000d5880000,0x00000000d5880000,0x00000000d5900000)
 ParOldGen       total 154624K, used 154522K [0x0000000080000000, 0x0000000089700000, 0x00000000d5580000)
  object space 154624K, 99% used [0x0000000080000000,0x00000000896e6ac8,0x0000000089700000)
 Metaspace       used 76070K, committed 77824K, reserved 1179648K
  class space    used 7805K, committed 8576K, reserved 1048576K
}
Event: 5322.361 GC heap before
{Heap before GC invocations=210 (full 3):
 PSYoungGen      total 1536K, used 1151K [0x00000000d5580000, 0x00000000d5980000, 0x0000000100000000)
  eden space 1024K, 99% used [0x00000000d5580000,0x00000000d567fff0,0x00000000d5680000)
  from space 512K, 25% used [0x00000000d5900000,0x00000000d5920000,0x00000000d5980000)
  to   space 512K, 0% used [0x00000000d5880000,0x00000000d5880000,0x00000000d5900000)
 ParOldGen       total 154624K, used 154522K [0x0000000080000000, 0x0000000089700000, 0x00000000d5580000)
  object space 154624K, 99% used [0x0000000080000000,0x00000000896e6ac8,0x0000000089700000)
 Metaspace       used 76080K, committed 77824K, reserved 1179648K
  class space    used 7805K, committed 8576K, reserved 1048576K
}
Event: 5322.363 GC heap after
{Heap after GC invocations=210 (full 3):
 PSYoungGen      total 1536K, used 128K [0x00000000d5580000, 0x00000000d5980000, 0x0000000100000000)
  eden space 1024K, 0% used [0x00000000d5580000,0x00000000d5580000,0x00000000d5680000)
  from space 512K, 25% used [0x00000000d5880000,0x00000000d58a0000,0x00000000d5900000)
  to   space 512K, 0% used [0x00000000d5900000,0x00000000d5900000,0x00000000d5980000)
 ParOldGen       total 154624K, used 154546K [0x0000000080000000, 0x0000000089700000, 0x00000000d5580000)
  object space 154624K, 99% used [0x0000000080000000,0x00000000896ecac8,0x0000000089700000)
 Metaspace       used 76080K, committed 77824K, reserved 1179648K
  class space    used 7805K, committed 8576K, reserved 1048576K
}
Event: 5327.560 GC heap before
{Heap before GC invocations=211 (full 3):
 PSYoungGen      total 1536K, used 1149K [0x00000000d5580000, 0x00000000d5980000, 0x0000000100000000)
  eden space 1024K, 99% used [0x00000000d5580000,0x00000000d567f590,0x00000000d5680000)
  from space 512K, 25% used [0x00000000d5880000,0x00000000d58a0000,0x00000000d5900000)
  to   space 512K, 0% used [0x00000000d5900000,0x00000000d5900000,0x00000000d5980000)
 ParOldGen       total 154624K, used 154546K [0x0000000080000000, 0x0000000089700000, 0x00000000d5580000)
  object space 154624K, 99% used [0x0000000080000000,0x00000000896ecac8,0x0000000089700000)
 Metaspace       used 76099K, committed 77824K, reserved 1179648K
  class space    used 7806K, committed 8576K, reserved 1048576K
}
Event: 5327.561 GC heap after
{Heap after GC invocations=211 (full 3):
 PSYoungGen      total 1536K, used 128K [0x00000000d5580000, 0x00000000d5980000, 0x0000000100000000)
  eden space 1024K, 0% used [0x00000000d5580000,0x00000000d5580000,0x00000000d5680000)
  from space 512K, 25% used [0x00000000d5900000,0x00000000d5920000,0x00000000d5980000)
  to   space 512K, 0% used [0x00000000d5880000,0x00000000d5880000,0x00000000d5900000)
 ParOldGen       total 154624K, used 154562K [0x0000000080000000, 0x0000000089700000, 0x00000000d5580000)
  object space 154624K, 99% used [0x0000000080000000,0x00000000896f0ac8,0x0000000089700000)
 Metaspace       used 76099K, committed 77824K, reserved 1179648K
  class space    used 7806K, committed 8576K, reserved 1048576K
}
Event: 5347.730 GC heap before
{Heap before GC invocations=212 (full 3):
 PSYoungGen      total 1536K, used 1151K [0x00000000d5580000, 0x00000000d5980000, 0x0000000100000000)
  eden space 1024K, 99% used [0x00000000d5580000,0x00000000d567fe90,0x00000000d5680000)
  from space 512K, 25% used [0x00000000d5900000,0x00000000d5920000,0x00000000d5980000)
  to   space 512K, 0% used [0x00000000d5880000,0x00000000d5880000,0x00000000d5900000)
 ParOldGen       total 154624K, used 154562K [0x0000000080000000, 0x0000000089700000, 0x00000000d5580000)
  object space 154624K, 99% used [0x0000000080000000,0x00000000896f0ac8,0x0000000089700000)
 Metaspace       used 76103K, committed 77824K, reserved 1179648K
  class space    used 7806K, committed 8576K, reserved 1048576K
}
Event: 5347.732 GC heap after
{Heap after GC invocations=212 (full 3):
 PSYoungGen      total 1536K, used 128K [0x00000000d5580000, 0x00000000d5980000, 0x0000000100000000)
  eden space 1024K, 0% used [0x00000000d5580000,0x00000000d5580000,0x00000000d5680000)
  from space 512K, 25% used [0x00000000d5880000,0x00000000d58a0000,0x00000000d5900000)
  to   space 512K, 0% used [0x00000000d5900000,0x00000000d5900000,0x00000000d5980000)
 ParOldGen       total 154624K, used 154586K [0x0000000080000000, 0x0000000089700000, 0x00000000d5580000)
  object space 154624K, 99% used [0x0000000080000000,0x00000000896f6ac8,0x0000000089700000)
 Metaspace       used 76103K, committed 77824K, reserved 1179648K
  class space    used 7806K, committed 8576K, reserved 1048576K
}
Event: 5352.758 GC heap before
{Heap before GC invocations=213 (full 3):
 PSYoungGen      total 1536K, used 1151K [0x00000000d5580000, 0x00000000d5980000, 0x0000000100000000)
  eden space 1024K, 99% used [0x00000000d5580000,0x00000000d567fff0,0x00000000d5680000)
  from space 512K, 25% used [0x00000000d5880000,0x00000000d58a0000,0x00000000d5900000)
  to   space 512K, 0% used [0x00000000d5900000,0x00000000d5900000,0x00000000d5980000)
 ParOldGen       total 154624K, used 154586K [0x0000000080000000, 0x0000000089700000, 0x00000000d5580000)
  object space 154624K, 99% used [0x0000000080000000,0x00000000896f6ac8,0x0000000089700000)
 Metaspace       used 76106K, committed 77824K, reserved 1179648K
  class space    used 7806K, committed 8576K, reserved 1048576K
}
Event: 5352.760 GC heap after
{Heap after GC invocations=213 (full 3):
 PSYoungGen      total 1536K, used 128K [0x00000000d5580000, 0x00000000d5980000, 0x0000000100000000)
  eden space 1024K, 0% used [0x00000000d5580000,0x00000000d5580000,0x00000000d5680000)
  from space 512K, 25% used [0x00000000d5900000,0x00000000d5920000,0x00000000d5980000)
  to   space 512K, 0% used [0x00000000d5880000,0x00000000d5880000,0x00000000d5900000)
 ParOldGen       total 154624K, used 154602K [0x0000000080000000, 0x0000000089700000, 0x00000000d5580000)
  object space 154624K, 99% used [0x0000000080000000,0x00000000896faac8,0x0000000089700000)
 Metaspace       used 76106K, committed 77824K, reserved 1179648K
  class space    used 7806K, committed 8576K, reserved 1048576K
}
Event: 5352.968 GC heap before
{Heap before GC invocations=214 (full 3):
 PSYoungGen      total 1536K, used 1152K [0x00000000d5580000, 0x00000000d5980000, 0x0000000100000000)
  eden space 1024K, 100% used [0x00000000d5580000,0x00000000d5680000,0x00000000d5680000)
  from space 512K, 25% used [0x00000000d5900000,0x00000000d5920000,0x00000000d5980000)
  to   space 512K, 0% used [0x00000000d5880000,0x00000000d5880000,0x00000000d5900000)
 ParOldGen       total 154624K, used 154602K [0x0000000080000000, 0x0000000089700000, 0x00000000d5580000)
  object space 154624K, 99% used [0x0000000080000000,0x00000000896faac8,0x0000000089700000)
 Metaspace       used 76120K, committed 77824K, reserved 1179648K
  class space    used 7807K, committed 8576K, reserved 1048576K
}
Event: 5352.969 GC heap after
{Heap after GC invocations=214 (full 3):
 PSYoungGen      total 1536K, used 128K [0x00000000d5580000, 0x00000000d5980000, 0x0000000100000000)
  eden space 1024K, 0% used [0x00000000d5580000,0x00000000d5580000,0x00000000d5680000)
  from space 512K, 25% used [0x00000000d5880000,0x00000000d58a0000,0x00000000d5900000)
  to   space 512K, 0% used [0x00000000d5900000,0x00000000d5900000,0x00000000d5980000)
 ParOldGen       total 154624K, used 154618K [0x0000000080000000, 0x0000000089700000, 0x00000000d5580000)
  object space 154624K, 99% used [0x0000000080000000,0x00000000896feac8,0x0000000089700000)
 Metaspace       used 76120K, committed 77824K, reserved 1179648K
  class space    used 7807K, committed 8576K, reserved 1048576K
}
Event: 5353.031 GC heap before
{Heap before GC invocations=215 (full 3):
 PSYoungGen      total 1536K, used 1152K [0x00000000d5580000, 0x00000000d5980000, 0x0000000100000000)
  eden space 1024K, 100% used [0x00000000d5580000,0x00000000d5680000,0x00000000d5680000)
  from space 512K, 25% used [0x00000000d5880000,0x00000000d58a0000,0x00000000d5900000)
  to   space 512K, 0% used [0x00000000d5900000,0x00000000d5900000,0x00000000d5980000)
 ParOldGen       total 154624K, used 154618K [0x0000000080000000, 0x0000000089700000, 0x00000000d5580000)
  object space 154624K, 99% used [0x0000000080000000,0x00000000896feac8,0x0000000089700000)
 Metaspace       used 76134K, committed 77888K, reserved 1179648K
  class space    used 7810K, committed 8576K, reserved 1048576K
}
Event: 5353.040 GC heap after
{Heap after GC invocations=215 (full 3):
 PSYoungGen      total 1536K, used 180K [0x00000000d5580000, 0x00000000d5980000, 0x0000000100000000)
  eden space 1024K, 0% used [0x00000000d5580000,0x00000000d5580000,0x00000000d5680000)
  from space 512K, 35% used [0x00000000d5900000,0x00000000d592d200,0x00000000d5980000)
  to   space 512K, 0% used [0x00000000d5880000,0x00000000d5880000,0x00000000d5900000)
 ParOldGen       total 155136K, used 154658K [0x0000000080000000, 0x0000000089780000, 0x00000000d5580000)
  object space 155136K, 99% used [0x0000000080000000,0x0000000089708ac8,0x0000000089780000)
 Metaspace       used 76134K, committed 77888K, reserved 1179648K
  class space    used 7810K, committed 8576K, reserved 1048576K
}
Event: 5353.061 GC heap before
{Heap before GC invocations=216 (full 3):
 PSYoungGen      total 1536K, used 1204K [0x00000000d5580000, 0x00000000d5980000, 0x0000000100000000)
  eden space 1024K, 100% used [0x00000000d5580000,0x00000000d5680000,0x00000000d5680000)
  from space 512K, 35% used [0x00000000d5900000,0x00000000d592d200,0x00000000d5980000)
  to   space 512K, 0% used [0x00000000d5880000,0x00000000d5880000,0x00000000d5900000)
 ParOldGen       total 155136K, used 154658K [0x0000000080000000, 0x0000000089780000, 0x00000000d5580000)
  object space 155136K, 99% used [0x0000000080000000,0x0000000089708ac8,0x0000000089780000)
 Metaspace       used 76134K, committed 77888K, reserved 1179648K
  class space    used 7810K, committed 8576K, reserved 1048576K
}
Event: 5353.062 GC heap after
{Heap after GC invocations=216 (full 3):
 PSYoungGen      total 1536K, used 256K [0x00000000d5580000, 0x00000000d5980000, 0x0000000100000000)
  eden space 1024K, 0% used [0x00000000d5580000,0x00000000d5580000,0x00000000d5680000)
  from space 512K, 50% used [0x00000000d5880000,0x00000000d58c0000,0x00000000d5900000)
  to   space 512K, 0% used [0x00000000d5900000,0x00000000d5900000,0x00000000d5980000)
 ParOldGen       total 155136K, used 154767K [0x0000000080000000, 0x0000000089780000, 0x00000000d5580000)
  object space 155136K, 99% used [0x0000000080000000,0x0000000089723cd8,0x0000000089780000)
 Metaspace       used 76134K, committed 77888K, reserved 1179648K
  class space    used 7810K, committed 8576K, reserved 1048576K
}
Event: 5353.104 GC heap before
{Heap before GC invocations=217 (full 3):
 PSYoungGen      total 1536K, used 1280K [0x00000000d5580000, 0x00000000d5980000, 0x0000000100000000)
  eden space 1024K, 100% used [0x00000000d5580000,0x00000000d5680000,0x00000000d5680000)
  from space 512K, 50% used [0x00000000d5880000,0x00000000d58c0000,0x00000000d5900000)
  to   space 512K, 0% used [0x00000000d5900000,0x00000000d5900000,0x00000000d5980000)
 ParOldGen       total 155136K, used 154767K [0x0000000080000000, 0x0000000089780000, 0x00000000d5580000)
  object space 155136K, 99% used [0x0000000080000000,0x0000000089723cd8,0x0000000089780000)
 Metaspace       used 76134K, committed 77888K, reserved 1179648K
  class space    used 7810K, committed 8576K, reserved 1048576K
}
Event: 5353.108 GC heap after
{Heap after GC invocations=217 (full 3):
 PSYoungGen      total 1536K, used 224K [0x00000000d5580000, 0x00000000d5980000, 0x0000000100000000)
  eden space 1024K, 0% used [0x00000000d5580000,0x00000000d5580000,0x00000000d5680000)
  from space 512K, 43% used [0x00000000d5900000,0x00000000d5938000,0x00000000d5980000)
  to   space 512K, 0% used [0x00000000d5880000,0x00000000d5880000,0x00000000d5900000)
 ParOldGen       total 155136K, used 154959K [0x0000000080000000, 0x0000000089780000, 0x00000000d5580000)
  object space 155136K, 99% used [0x0000000080000000,0x0000000089753ce8,0x0000000089780000)
 Metaspace       used 76134K, committed 77888K, reserved 1179648K
  class space    used 7810K, committed 8576K, reserved 1048576K
}

Dll operation events (10 events):
Event: 0.016 Loaded shared library c:\Users\Administrator\.vscode\extensions\redhat.java-1.54.0-win32-x64\jre\21.0.10-win32-x86_64\bin\java.dll
Event: 0.218 Loaded shared library c:\Users\Administrator\.vscode\extensions\redhat.java-1.54.0-win32-x64\jre\21.0.10-win32-x86_64\bin\zip.dll
Event: 0.273 Loaded shared library C:\Users\Administrator\.vscode\extensions\redhat.java-1.54.0-win32-x64\jre\21.0.10-win32-x86_64\bin\instrument.dll
Event: 0.282 Loaded shared library C:\Users\Administrator\.vscode\extensions\redhat.java-1.54.0-win32-x64\jre\21.0.10-win32-x86_64\bin\net.dll
Event: 0.285 Loaded shared library C:\Users\Administrator\.vscode\extensions\redhat.java-1.54.0-win32-x64\jre\21.0.10-win32-x86_64\bin\nio.dll
Event: 0.289 Loaded shared library C:\Users\Administrator\.vscode\extensions\redhat.java-1.54.0-win32-x64\jre\21.0.10-win32-x86_64\bin\zip.dll
Event: 0.318 Loaded shared library C:\Users\Administrator\.vscode\extensions\redhat.java-1.54.0-win32-x64\jre\21.0.10-win32-x86_64\bin\jimage.dll
Event: 0.424 Loaded shared library c:\Users\Administrator\.vscode\extensions\redhat.java-1.54.0-win32-x64\jre\21.0.10-win32-x86_64\bin\verify.dll
Event: 2.258 Loaded shared library C:\Users\Administrator\AppData\Roaming\Code\User\globalStorage\redhat.java\1.54.0\config_win\org.eclipse.equinox.launcher\org.eclipse.equinox.launcher.win32.win32.x86_64_1.3.0.v20260203-2149\eclipse_11919.dll
Event: 6.188 Loaded shared library C:\Users\Administrator\AppData\Local\Temp\jna--1932270267\jna4172029516326189304.dll

Deoptimization events (20 events):
Event: 5327.562 Thread 0x00000226fd6cd140 DEOPT PACKING pc=0x00000226e4de64a8 sp=0x000000b7915fe180
Event: 5327.562 Thread 0x00000226fd6cd140 DEOPT UNPACKING pc=0x00000226e3be6da2 sp=0x000000b7915fe0e8 mode 2
Event: 5327.562 Thread 0x00000226fd6cd140 Uncommon trap: trap_request=0xffffffbe fr.pc=0x00000226e4de64a8 relative=0x0000000000000108
Event: 5327.562 Thread 0x00000226fd6cd140 Uncommon trap: reason=profile_predicate action=maybe_recompile pc=0x00000226e4de64a8 method=org.eclipse.jdt.core.compiler.CharOperation.splitAndTrimOn(C[C)[[C @ 175 c2
Event: 5327.562 Thread 0x00000226fd6cd140 DEOPT PACKING pc=0x00000226e4de64a8 sp=0x000000b7915fe180
Event: 5327.562 Thread 0x00000226fd6cd140 DEOPT UNPACKING pc=0x00000226e3be6da2 sp=0x000000b7915fe0e8 mode 2
Event: 5327.562 Thread 0x00000226fd6cd140 Uncommon trap: trap_request=0xffffffbe fr.pc=0x00000226e4de64a8 relative=0x0000000000000108
Event: 5327.562 Thread 0x00000226fd6cd140 Uncommon trap: reason=profile_predicate action=maybe_recompile pc=0x00000226e4de64a8 method=org.eclipse.jdt.core.compiler.CharOperation.splitAndTrimOn(C[C)[[C @ 175 c2
Event: 5327.562 Thread 0x00000226fd6cd140 DEOPT PACKING pc=0x00000226e4de64a8 sp=0x000000b7915fe180
Event: 5327.562 Thread 0x00000226fd6cd140 DEOPT UNPACKING pc=0x00000226e3be6da2 sp=0x000000b7915fe0e8 mode 2
Event: 5327.565 Thread 0x00000226fd6cd140 Uncommon trap: trap_request=0xffffffc6 fr.pc=0x00000226e469891c relative=0x000000000000049c
Event: 5327.565 Thread 0x00000226fd6cd140 Uncommon trap: reason=bimorphic_or_optimized_type_check action=maybe_recompile pc=0x00000226e469891c method=java.util.HashMap.removeNode(ILjava/lang/Object;Ljava/lang/Object;ZZ)Ljava/util/HashMap$Node; @ 283 c2
Event: 5327.565 Thread 0x00000226fd6cd140 DEOPT PACKING pc=0x00000226e469891c sp=0x000000b7915fe640
Event: 5327.565 Thread 0x00000226fd6cd140 DEOPT UNPACKING pc=0x00000226e3be6da2 sp=0x000000b7915fe5e8 mode 2
Event: 5352.779 Thread 0x00000226fd6cd140 Uncommon trap: trap_request=0xffffffc6 fr.pc=0x00000226e4743f78 relative=0x00000000000018d8
Event: 5352.779 Thread 0x00000226fd6cd140 Uncommon trap: reason=bimorphic_or_optimized_type_check action=maybe_recompile pc=0x00000226e4743f78 method=java.util.stream.SortedOps$SizedRefSortingSink.end()V @ 25 c2
Event: 5352.779 Thread 0x00000226fd6cd140 DEOPT PACKING pc=0x00000226e4743f78 sp=0x000000b7915fe6e0
Event: 5352.780 Thread 0x00000226fd6cd140 DEOPT UNPACKING pc=0x00000226e3be6da2 sp=0x000000b7915fe6c0 mode 2
Event: 5353.050 Thread 0x00000226fd6c8280 DEOPT PACKING pc=0x00000226dd6a8b69 sp=0x000000b7907fdc30
Event: 5353.050 Thread 0x00000226fd6c8280 DEOPT UNPACKING pc=0x00000226e3be78e2 sp=0x000000b7907fd108 mode 0

Classes loaded (20 events):
Event: 3697.600 Loading class com/sun/org/apache/xerces/internal/xni/XNIException
Event: 3697.608 Loading class com/sun/org/apache/xerces/internal/xni/XNIException done
Event: 3697.613 Loading class com/sun/org/apache/xerces/internal/xni/parser/XMLParseException
Event: 3697.625 Loading class com/sun/org/apache/xerces/internal/xni/parser/XMLParseException done
Event: 3698.858 Loading class java/nio/file/attribute/PosixFileAttributeView
Event: 3698.864 Loading class java/nio/file/attribute/PosixFileAttributeView done
Event: 3698.866 Loading class java/nio/file/attribute/DosFileAttributeView
Event: 3698.869 Loading class java/nio/file/attribute/DosFileAttributeView done
Event: 3698.869 Loading class java/nio/file/attribute/UserDefinedFileAttributeView
Event: 3698.871 Loading class java/nio/file/attribute/UserDefinedFileAttributeView done
Event: 3698.879 Loading class java/nio/BufferMismatch
Event: 3698.883 Loading class java/nio/BufferMismatch done
Event: 5101.365 Loading class java/util/stream/ReferencePipeline$15
Event: 5101.370 Loading class java/util/stream/ReferencePipeline$15 done
Event: 5101.383 Loading class java/util/stream/ReferencePipeline$15$1
Event: 5101.389 Loading class java/util/stream/ReferencePipeline$15$1 done
Event: 5102.142 Loading class java/lang/MatchException
Event: 5102.142 Loading class java/lang/MatchException done
Event: 5102.282 Loading class java/util/HashMap$EntrySpliterator
Event: 5102.283 Loading class java/util/HashMap$EntrySpliterator done

Classes unloaded (7 events):
Event: 7.076 Thread 0x00000226d951af10 Unloading class 0x00000226811a9400 'java/lang/invoke/LambdaForm$MH+0x00000226811a9400'
Event: 7.076 Thread 0x00000226d951af10 Unloading class 0x00000226811a9000 'java/lang/invoke/LambdaForm$MH+0x00000226811a9000'
Event: 7.076 Thread 0x00000226d951af10 Unloading class 0x00000226811a8c00 'java/lang/invoke/LambdaForm$MH+0x00000226811a8c00'
Event: 7.076 Thread 0x00000226d951af10 Unloading class 0x00000226811a8800 'java/lang/invoke/LambdaForm$MH+0x00000226811a8800'
Event: 7.076 Thread 0x00000226d951af10 Unloading class 0x00000226811a8400 'java/lang/invoke/LambdaForm$BMH+0x00000226811a8400'
Event: 7.076 Thread 0x00000226d951af10 Unloading class 0x00000226811a8000 'java/lang/invoke/LambdaForm$DMH+0x00000226811a8000'
Event: 7.076 Thread 0x00000226d951af10 Unloading class 0x00000226811a6c00 'java/lang/invoke/LambdaForm$DMH+0x00000226811a6c00'

Classes redefined (0 events):
No events

Internal exceptions (20 events):
Event: 1378.482 Thread 0x00000226fd6ca9e0 Exception <a 'sun/nio/fs/WindowsException'{0x00000000d5744318}> (0x00000000d5744318) 
thrown [s\src\hotspot\share\prims\jni.cpp, line 520]
Event: 1378.482 Thread 0x00000226fd6ca9e0 Exception <a 'sun/nio/fs/WindowsException'{0x00000000d58d7300}> (0x00000000d58d7300) 
thrown [s\src\hotspot\share\prims\jni.cpp, line 520]
Event: 1378.566 Thread 0x00000226fd6ca9e0 Exception <a 'sun/nio/fs/WindowsException'{0x00000000d58a4990}> (0x00000000d58a4990) 
thrown [s\src\hotspot\share\prims\jni.cpp, line 520]
Event: 1378.566 Thread 0x00000226fd6ca9e0 Exception <a 'sun/nio/fs/WindowsException'{0x00000000d58a5280}> (0x00000000d58a5280) 
thrown [s\src\hotspot\share\prims\jni.cpp, line 520]
Event: 1378.653 Thread 0x00000226fd6ca9e0 Exception <a 'sun/nio/fs/WindowsException'{0x00000000d58b5c40}> (0x00000000d58b5c40) 
thrown [s\src\hotspot\share\prims\jni.cpp, line 520]
Event: 1378.654 Thread 0x00000226fd6ca9e0 Exception <a 'sun/nio/fs/WindowsException'{0x00000000d58b6530}> (0x00000000d58b6530) 
thrown [s\src\hotspot\share\prims\jni.cpp, line 520]
Event: 1379.560 Thread 0x00000226fd6ca9e0 Exception <a 'sun/nio/fs/WindowsException'{0x00000000d59d77b0}> (0x00000000d59d77b0) 
thrown [s\src\hotspot\share\prims\jni.cpp, line 520]
Event: 1379.561 Thread 0x00000226fd6ca9e0 Exception <a 'sun/nio/fs/WindowsException'{0x00000000d59d80a0}> (0x00000000d59d80a0) 
thrown [s\src\hotspot\share\prims\jni.cpp, line 520]
Event: 1380.846 Thread 0x00000226fd6ca9e0 Exception <a 'sun/nio/fs/WindowsException'{0x00000000d5a284b0}> (0x00000000d5a284b0) 
thrown [s\src\hotspot\share\prims\jni.cpp, line 520]
Event: 1380.848 Thread 0x00000226fd6ca9e0 Exception <a 'sun/nio/fs/WindowsException'{0x00000000d5a28da0}> (0x00000000d5a28da0) 
thrown [s\src\hotspot\share\prims\jni.cpp, line 520]
Event: 2959.127 Thread 0x00000226fd6ca9e0 Exception <a 'java/lang/NoSuchMethodError'{0x00000000d566ec00}: 'java.lang.Object java.lang.invoke.DirectMethodHandle$Holder.invokeStaticInit(java.lang.Object, java.lang.Object, java.lang.Object)'> (0x00000000d566ec00) 
thrown [s\src\hotspot\share\interpreter\linkResolver.cpp, line 773]
Event: 3696.225 Thread 0x00000226f7b5da70 Exception <a 'java/lang/NoSuchMethodError'{0x00000000d56096d0}: 'java.lang.Object java.lang.invoke.DirectMethodHandle$Holder.invokeStatic(java.lang.Object, java.lang.Object, int, java.lang.Object)'> (0x00000000d56096d0) 
thrown [s\src\hotspot\share\interpreter\linkResolver.cpp, line 773]
Event: 3698.667 Thread 0x00000226fd6c8280 Exception <a 'java/lang/NoSuchMethodError'{0x00000000d560f500}: 'int java.lang.invoke.DirectMethodHandle$Holder.invokeStatic(java.lang.Object, java.lang.Object, java.lang.Object, java.lang.Object, java.lang.Object, java.lang.Object)'> (0x00000000d560f500) 
thrown [s\src\hotspot\share\interpreter\linkResolver.cpp, line 773]
Event: 3998.247 Thread 0x00000226fd6cde60 Exception <a 'sun/nio/fs/WindowsException'{0x00000000d5683de8}> (0x00000000d5683de8) 
thrown [s\src\hotspot\share\prims\jni.cpp, line 520]
Event: 3998.249 Thread 0x00000226fd6cde60 Exception <a 'sun/nio/fs/WindowsException'{0x00000000d5684948}> (0x00000000d5684948) 
thrown [s\src\hotspot\share\prims\jni.cpp, line 520]
Event: 5099.208 Thread 0x00000226f7b5a5f0 Exception <a 'java/lang/IncompatibleClassChangeError'{0x00000000d5642d18}: Found class java.lang.Object, but interface was expected> (0x00000000d5642d18) 
thrown [s\src\hotspot\share\interpreter\linkResolver.cpp, line 840]
Event: 5099.498 Thread 0x00000226fd6ccab0 Exception <a 'java/lang/NoSuchMethodError'{0x00000000d5744de8}: 'java.lang.Object java.lang.invoke.DirectMethodHandle$Holder.invokeSpecial(java.lang.Object, java.lang.Object, java.lang.Object, java.lang.Object, int, java.lang.Object, java.lang.Object)'> (0x00000000d5744de8) 
thrown [s\src\hotspot\share\interpreter\linkResolver.cpp, line 773]
Event: 5100.237 Thread 0x00000226f7b5a5f0 Exception <a 'java/lang/IncompatibleClassChangeError'{0x00000000d56d8888}: Found class java.lang.Object, but interface was expected> (0x00000000d56d8888) 
thrown [s\src\hotspot\share\interpreter\linkResolver.cpp, line 840]
Event: 5100.253 Thread 0x00000226fd6ccab0 Implicit null exception at 0x00000226e492b710 to 0x00000226e492beb8
Event: 5100.599 Thread 0x00000226f7b5a5f0 Exception <a 'java/lang/IncompatibleClassChangeError'{0x00000000d575b618}: Found class java.lang.Object, but interface was expected> (0x00000000d575b618) 
thrown [s\src\hotspot\share\interpreter\linkResolver.cpp, line 840]

ZGC Phase Switch (0 events):
No events

VM Operations (20 events):
Event: 5327.559 Executing safepoint VM operation: ParallelGCFailedAllocation (Allocation Failure)
Event: 5327.561 Executing safepoint VM operation: ParallelGCFailedAllocation (Allocation Failure) done
Event: 5328.574 Executing safepoint VM operation: Cleanup
Event: 5328.574 Executing safepoint VM operation: Cleanup done
Event: 5347.729 Executing safepoint VM operation: ParallelGCFailedAllocation (Allocation Failure)
Event: 5347.733 Executing safepoint VM operation: ParallelGCFailedAllocation (Allocation Failure) done
Event: 5351.987 Executing non-safepoint VM operation: HandshakeAllThreads (HandshakeForDeflation)
Event: 5351.987 Executing non-safepoint VM operation: HandshakeAllThreads (HandshakeForDeflation) done
Event: 5351.987 Executing non-safepoint VM operation: RendezvousGCThreads
Event: 5351.987 Executing non-safepoint VM operation: RendezvousGCThreads done
Event: 5352.758 Executing safepoint VM operation: ParallelGCFailedAllocation (Allocation Failure)
Event: 5352.761 Executing safepoint VM operation: ParallelGCFailedAllocation (Allocation Failure) done
Event: 5352.968 Executing safepoint VM operation: ParallelGCFailedAllocation (Allocation Failure)
Event: 5352.969 Executing safepoint VM operation: ParallelGCFailedAllocation (Allocation Failure) done
Event: 5353.031 Executing safepoint VM operation: ParallelGCFailedAllocation (Allocation Failure)
Event: 5353.040 Executing safepoint VM operation: ParallelGCFailedAllocation (Allocation Failure) done
Event: 5353.061 Executing safepoint VM operation: ParallelGCFailedAllocation (Allocation Failure)
Event: 5353.062 Executing safepoint VM operation: ParallelGCFailedAllocation (Allocation Failure) done
Event: 5353.104 Executing safepoint VM operation: ParallelGCFailedAllocation (Allocation Failure)
Event: 5353.108 Executing safepoint VM operation: ParallelGCFailedAllocation (Allocation Failure) done

Memory protections (0 events):
No events

Nmethod flushes (20 events):
Event: 18.824 Thread 0x00000226d951af10 flushing  nmethod 0x00000226dd0a8d90
Event: 18.824 Thread 0x00000226d951af10 flushing  nmethod 0x00000226dd0a9690
Event: 18.824 Thread 0x00000226d951af10 flushing  nmethod 0x00000226dd0aa190
Event: 18.824 Thread 0x00000226d951af10 flushing  nmethod 0x00000226dd0ab410
Event: 18.824 Thread 0x00000226d951af10 flushing  nmethod 0x00000226dd0ac190
Event: 18.824 Thread 0x00000226d951af10 flushing  nmethod 0x00000226dd0ac910
Event: 18.824 Thread 0x00000226d951af10 flushing  nmethod 0x00000226dd0ace90
Event: 18.824 Thread 0x00000226d951af10 flushing  nmethod 0x00000226dd0ad890
Event: 18.824 Thread 0x00000226d951af10 flushing  nmethod 0x00000226dd0afd90
Event: 18.824 Thread 0x00000226d951af10 flushing  nmethod 0x00000226dd0b0510
Event: 18.824 Thread 0x00000226d951af10 flushing  nmethod 0x00000226dd0b0910
Event: 18.824 Thread 0x00000226d951af10 flushing  nmethod 0x00000226dd0b0e90
Event: 18.824 Thread 0x00000226d951af10 flushing  nmethod 0x00000226dd0b2110
Event: 18.824 Thread 0x00000226d951af10 flushing  nmethod 0x00000226dd0b2f90
Event: 18.824 Thread 0x00000226d951af10 flushing  nmethod 0x00000226dd0b3a10
Event: 18.824 Thread 0x00000226d951af10 flushing  nmethod 0x00000226dd0b3d90
Event: 18.824 Thread 0x00000226d951af10 flushing  nmethod 0x00000226dd0b4590
Event: 18.824 Thread 0x00000226d951af10 flushing  nmethod 0x00000226dd0b5110
Event: 18.824 Thread 0x00000226d951af10 flushing  nmethod 0x00000226dd0b5d10
Event: 18.824 Thread 0x00000226d951af10 flushing  nmethod 0x00000226dd0b6a90

Events (20 events):
Event: 3695.693 Thread 0x00000226f7b5c030 Thread added: 0x00000226fd6ca9e0
Event: 3699.014 Thread 0x00000226fd6ca9e0 Thread added: 0x00000226fd6cc420
Event: 3759.016 Thread 0x00000226f7b5c030 Thread exited: 0x00000226f7b5c030
Event: 3759.016 Thread 0x00000226fd6ca9e0 Thread exited: 0x00000226fd6ca9e0
Event: 3760.017 Thread 0x00000226fd6cc420 Thread added: 0x00000226fd6cde60
Event: 3820.751 Thread 0x00000226fd6c8280 Thread exited: 0x00000226fd6c8280
Event: 3998.221 Thread 0x00000226fd6cde60 Thread added: 0x00000226fd6c8280
Event: 3998.229 Thread 0x00000226fd6c8280 Thread exited: 0x00000226fd6c8280
Event: 3998.251 Thread 0x00000226fd6cde60 Thread added: 0x00000226fd6ca9e0
Event: 3998.252 Thread 0x00000226fd6ca9e0 Thread exited: 0x00000226fd6ca9e0
Event: 5098.841 Thread 0x00000226fd6cde60 Thread added: 0x00000226fd6ca9e0
Event: 5098.891 Thread 0x00000226f7b5a5f0 Thread added: 0x00000226fd6c8280
Event: 5099.133 Thread 0x00000226fd6c8280 Thread added: 0x00000226fd6ccab0
Event: 5099.410 Thread 0x00000226f7b5a5f0 Thread added: 0x00000226fd6cd140
Event: 5103.442 Thread 0x00000226d935a9e0 Thread added: 0x00000226fa07e980
Event: 5109.186 Thread 0x00000226fa07e980 Thread exited: 0x00000226fa07e980
Event: 5342.335 Thread 0x00000226fd6ca9e0 Thread exited: 0x00000226fd6ca9e0
Event: 5352.623 Thread 0x00000226fd6cc420 Thread added: 0x00000226f7b5e790
Event: 5352.628 Thread 0x00000226fd6cde60 Thread exited: 0x00000226fd6cde60
Event: 5352.776 Thread 0x00000226f7b5e790 Thread added: 0x00000226f7b5f4b0


Dynamic libraries:
0x00007ff6fe210000 - 0x00007ff6fe21e000 	c:\Users\Administrator\.vscode\extensions\redhat.java-1.54.0-win32-x64\jre\21.0.10-win32-x86_64\bin\java.exe
0x00007ffef4120000 - 0x00007ffef4387000 	C:\Windows\SYSTEM32\ntdll.dll
0x00007ffef2100000 - 0x00007ffef21c9000 	C:\Windows\System32\KERNEL32.DLL
0x00007ffef1480000 - 0x00007ffef1874000 	C:\Windows\System32\KERNELBASE.dll
0x00007ffef1a70000 - 0x00007ffef1bbb000 	C:\Windows\System32\ucrtbase.dll
0x00007ffe9d980000 - 0x00007ffe9d99e000 	c:\Users\Administrator\.vscode\extensions\redhat.java-1.54.0-win32-x64\jre\21.0.10-win32-x86_64\bin\VCRUNTIME140.dll
0x00007ffe99e30000 - 0x00007ffe99e48000 	c:\Users\Administrator\.vscode\extensions\redhat.java-1.54.0-win32-x64\jre\21.0.10-win32-x86_64\bin\jli.dll
0x00007ffef2500000 - 0x00007ffef26c5000 	C:\Windows\System32\USER32.dll
0x00007ffedcf10000 - 0x00007ffedd1a3000 	C:\Windows\WinSxS\amd64_microsoft.windows.common-controls_6595b64144ccf1df_6.0.26100.8115_none_3e075c82e3354f9c\COMCTL32.dll
0x00007ffef2050000 - 0x00007ffef20f9000 	C:\Windows\System32\msvcrt.dll
0x00007ffef1880000 - 0x00007ffef18a7000 	C:\Windows\System32\win32u.dll
0x00007ffef2e00000 - 0x00007ffef2e2b000 	C:\Windows\System32\GDI32.dll
0x00007ffef1940000 - 0x00007ffef1a6b000 	C:\Windows\System32\gdi32full.dll
0x00007ffef1d40000 - 0x00007ffef1de3000 	C:\Windows\System32\msvcp_win.dll
0x00007ffef30c0000 - 0x00007ffef30f2000 	C:\Windows\System32\IMM32.DLL
0x00007ffedd990000 - 0x00007ffedd99c000 	c:\Users\Administrator\.vscode\extensions\redhat.java-1.54.0-win32-x64\jre\21.0.10-win32-x86_64\bin\vcruntime140_1.dll
0x00007ffe99f40000 - 0x00007ffe99fcd000 	c:\Users\Administrator\.vscode\extensions\redhat.java-1.54.0-win32-x64\jre\21.0.10-win32-x86_64\bin\msvcp140.dll
0x00007ffe80ab0000 - 0x00007ffe81851000 	c:\Users\Administrator\.vscode\extensions\redhat.java-1.54.0-win32-x64\jre\21.0.10-win32-x86_64\bin\server\jvm.dll
0x00007ffef38a0000 - 0x00007ffef3956000 	C:\Windows\System32\ADVAPI32.dll
0x00007ffef21d0000 - 0x00007ffef2277000 	C:\Windows\System32\sechost.dll
0x00007ffef1eb0000 - 0x00007ffef1fc8000 	C:\Windows\System32\RPCRT4.dll
0x00007ffef2420000 - 0x00007ffef24a0000 	C:\Windows\System32\WS2_32.dll
0x00007ffef0850000 - 0x00007ffef08ae000 	C:\Windows\SYSTEM32\POWRPROF.dll
0x00007ffedfeb0000 - 0x00007ffedfee6000 	C:\Windows\SYSTEM32\WINMM.dll
0x00007ffedaf00000 - 0x00007ffedaf0b000 	C:\Windows\SYSTEM32\VERSION.dll
0x00007ffef0830000 - 0x00007ffef0844000 	C:\Windows\SYSTEM32\UMPDC.dll
0x00007ffeef780000 - 0x00007ffeef79b000 	C:\Windows\SYSTEM32\kernel.appcore.dll
0x00007ffedc140000 - 0x00007ffedc14a000 	c:\Users\Administrator\.vscode\extensions\redhat.java-1.54.0-win32-x64\jre\21.0.10-win32-x86_64\bin\jimage.dll
0x00007ffeeea90000 - 0x00007ffeeecd2000 	C:\Windows\SYSTEM32\DBGHELP.DLL
0x00007ffef31a0000 - 0x00007ffef3522000 	C:\Windows\System32\combase.dll
0x00007ffef2b90000 - 0x00007ffef2c68000 	C:\Windows\System32\OLEAUT32.dll
0x00007ffed9a10000 - 0x00007ffed9a4b000 	C:\Windows\SYSTEM32\dbgcore.DLL
0x00007ffef1260000 - 0x00007ffef1305000 	C:\Windows\System32\bcryptPrimitives.dll
0x00007ffeda3f0000 - 0x00007ffeda3ff000 	c:\Users\Administrator\.vscode\extensions\redhat.java-1.54.0-win32-x64\jre\21.0.10-win32-x86_64\bin\instrument.dll
0x00007ffe99f20000 - 0x00007ffe99f40000 	c:\Users\Administrator\.vscode\extensions\redhat.java-1.54.0-win32-x64\jre\21.0.10-win32-x86_64\bin\java.dll
0x00007ffef3960000 - 0x00007ffef40c7000 	C:\Windows\System32\SHELL32.dll
0x00007ffef1310000 - 0x00007ffef147a000 	C:\Windows\System32\wintypes.dll
0x00007ffef09f0000 - 0x00007ffef1258000 	C:\Windows\System32\windows.storage.dll
0x00007ffef2fc0000 - 0x00007ffef30b8000 	C:\Windows\System32\SHCORE.dll
0x00007ffef3650000 - 0x00007ffef36b6000 	C:\Windows\System32\shlwapi.dll
0x00007ffef0910000 - 0x00007ffef0939000 	C:\Windows\SYSTEM32\profapi.dll
0x00007ffe99e50000 - 0x00007ffe99e68000 	c:\Users\Administrator\.vscode\extensions\redhat.java-1.54.0-win32-x64\jre\21.0.10-win32-x86_64\bin\zip.dll
0x00007ffeda370000 - 0x00007ffeda380000 	C:\Users\Administrator\.vscode\extensions\redhat.java-1.54.0-win32-x64\jre\21.0.10-win32-x86_64\bin\net.dll
0x00007ffee4270000 - 0x00007ffee439d000 	C:\Windows\SYSTEM32\WINHTTP.dll
0x00007ffeefcf0000 - 0x00007ffeefd5c000 	C:\Windows\system32\mswsock.dll
0x00007ffe99e10000 - 0x00007ffe99e26000 	C:\Users\Administrator\.vscode\extensions\redhat.java-1.54.0-win32-x64\jre\21.0.10-win32-x86_64\bin\nio.dll
0x00007ffed9b30000 - 0x00007ffed9b40000 	c:\Users\Administrator\.vscode\extensions\redhat.java-1.54.0-win32-x64\jre\21.0.10-win32-x86_64\bin\verify.dll
0x00007ffeebd10000 - 0x00007ffeebd55000 	C:\Users\Administrator\AppData\Roaming\Code\User\globalStorage\redhat.java\1.54.0\config_win\org.eclipse.equinox.launcher\org.eclipse.equinox.launcher.win32.win32.x86_64_1.3.0.v20260203-2149\eclipse_11919.dll
0x00007ffef2280000 - 0x00007ffef2417000 	C:\Windows\System32\ole32.dll
0x00007ffeeffd0000 - 0x00007ffeeffeb000 	C:\Windows\SYSTEM32\CRYPTSP.dll
0x00007ffeef6e0000 - 0x00007ffeef719000 	C:\Windows\system32\rsaenh.dll
0x00007ffeefda0000 - 0x00007ffeefdd3000 	C:\Windows\SYSTEM32\USERENV.dll
0x00007ffef08e0000 - 0x00007ffef090a000 	C:\Windows\SYSTEM32\bcrypt.dll
0x00007ffeefff0000 - 0x00007ffeefffc000 	C:\Windows\SYSTEM32\CRYPTBASE.dll
0x00007ffeef180000 - 0x00007ffeef1b2000 	C:\Windows\SYSTEM32\IPHLPAPI.DLL
0x00007ffef40d0000 - 0x00007ffef40da000 	C:\Windows\System32\NSI.dll
0x00007ffeebcc0000 - 0x00007ffeebd09000 	C:\Users\Administrator\AppData\Local\Temp\jna--1932270267\jna4172029516326189304.dll
0x00007ffef3190000 - 0x00007ffef3198000 	C:\Windows\System32\PSAPI.DLL
0x00007ffee5bd0000 - 0x00007ffee5bed000 	C:\Windows\SYSTEM32\dhcpcsvc6.DLL
0x00007ffee41f0000 - 0x00007ffee4215000 	C:\Windows\SYSTEM32\dhcpcsvc.DLL

JVMTI agents:
c:\Users\Administrator\.vscode\extensions\redhat.java-1.54.0-win32-x64\lombok\lombok-1.18.39-4050.jar path:c:\Users\Administrator\.vscode\extensions\redhat.java-1.54.0-win32-x64\jre\21.0.10-win32-x86_64\bin\instrument.dll, loaded, initialized, instrumentlib options:none

dbghelp: loaded successfully - version: 4.0.5 - missing functions: none
symbol engine: initialized successfully - sym options: 0x614 - pdb path: .;c:\Users\Administrator\.vscode\extensions\redhat.java-1.54.0-win32-x64\jre\21.0.10-win32-x86_64\bin;C:\Windows\SYSTEM32;C:\Windows\WinSxS\amd64_microsoft.windows.common-controls_6595b64144ccf1df_6.0.26100.8115_none_3e075c82e3354f9c;c:\Users\Administrator\.vscode\extensions\redhat.java-1.54.0-win32-x64\jre\21.0.10-win32-x86_64\bin\server;C:\Users\Administrator\AppData\Roaming\Code\User\globalStorage\redhat.java\1.54.0\config_win\org.eclipse.equinox.launcher\org.eclipse.equinox.launcher.win32.win32.x86_64_1.3.0.v20260203-2149;C:\Users\Administrator\AppData\Local\Temp\jna--1932270267

VM Arguments:
jvm_args: --add-modules=ALL-SYSTEM --add-opens=java.base/java.util=ALL-UNNAMED --add-opens=java.base/java.lang=ALL-UNNAMED --add-opens=java.base/sun.nio.fs=ALL-UNNAMED -Declipse.application=org.eclipse.jdt.ls.core.id1 -Dosgi.bundles.defaultStartLevel=4 -Declipse.product=org.eclipse.jdt.ls.core.product -Djava.import.generatesMetadataFilesAtProjectRoot=false -DDetectVMInstallationsJob.disabled=true -Dfile.encoding=utf8 -XX:+UseParallelGC -XX:GCTimeRatio=4 -XX:AdaptiveSizePolicyWeight=90 -Dsun.zip.disableMemoryMapping=true -Xmx2G -Xms100m -Xlog:disable -javaagent:c:\Users\Administrator\.vscode\extensions\redhat.java-1.54.0-win32-x64\lombok\lombok-1.18.39-4050.jar -XX:+HeapDumpOnOutOfMemoryError -XX:HeapDumpPath=c:\Users\Administrator\AppData\Roaming\Code\User\workspaceStorage\562a171713ff7e188a8572a3498bd429\redhat.java -Daether.dependencyCollector.impl=bf 
java_command: c:\Users\Administrator\.vscode\extensions\redhat.java-1.54.0-win32-x64\server\plugins\org.eclipse.equinox.launcher_1.7.100.v20251111-0406.jar -configuration c:\Users\Administrator\AppData\Roaming\Code\User\globalStorage\redhat.java\1.54.0\config_win -data c:\Users\Administrator\AppData\Roaming\Code\User\workspaceStorage\562a171713ff7e188a8572a3498bd429\redhat.java\jdt_ws --pipe=\\.\pipe\lsp-514f3124f9690c0530cb43e9a1d1314a-sock
java_class_path (initial): c:\Users\Administrator\.vscode\extensions\redhat.java-1.54.0-win32-x64\server\plugins\org.eclipse.equinox.launcher_1.7.100.v20251111-0406.jar
Launcher Type: SUN_STANDARD

[Global flags]
    uintx AdaptiveSizePolicyWeight                 = 90                                        {product} {command line}
     intx CICompilerCount                          = 3                                         {product} {ergonomic}
    uintx GCTimeRatio                              = 4                                         {product} {command line}
     bool HeapDumpOnOutOfMemoryError               = true                                   {manageable} {command line}
    ccstr HeapDumpPath                             = c:\Users\Administrator\AppData\Roaming\Code\User\workspaceStorage\562a171713ff7e188a8572a3498bd429\redhat.java         {manageable} {command line}
   size_t InitialHeapSize                          = 104857600                                 {product} {command line}
   size_t MaxHeapSize                              = 2147483648                                {product} {command line}
   size_t MaxNewSize                               = 715653120                                 {product} {ergonomic}
   size_t MinHeapDeltaBytes                        = 524288                                    {product} {ergonomic}
   size_t MinHeapSize                              = 104857600                                 {product} {command line}
   size_t NewSize                                  = 34603008                                  {product} {ergonomic}
    uintx NonNMethodCodeHeapSize                   = 5832780                                {pd product} {ergonomic}
    uintx NonProfiledCodeHeapSize                  = 122912730                              {pd product} {ergonomic}
   size_t OldSize                                  = 70254592                                  {product} {ergonomic}
    uintx ProfiledCodeHeapSize                     = 122912730                              {pd product} {ergonomic}
    uintx ReservedCodeCacheSize                    = 251658240                              {pd product} {ergonomic}
     bool SegmentedCodeCache                       = true                                      {product} {ergonomic}
   size_t SoftMaxHeapSize                          = 2147483648                             {manageable} {ergonomic}
     bool UseCompressedOops                        = true                           {product lp64_product} {ergonomic}
     bool UseLargePagesIndividualAllocation        = false                                  {pd product} {ergonomic}
     bool UseParallelGC                            = true                                      {product} {command line}

Logging:
Log output configuration:
 #0: stdout all=off uptime,level,tags foldmultilines=false
 #1: stderr all=off uptime,level,tags foldmultilines=false

Release file:
JAVA_VERSION="21.0.10" 
MODULES="java.base java.compiler java.datatransfer java.xml java.prefs java.desktop java.instrument java.logging java.management java.security.sasl java.naming java.rmi java.management.rmi java.net.http java.scripting java.security.jgss java.transaction.xa java.sql java.sql.rowset java.xml.crypto java.se java.smartcardio jdk.accessibility jdk.internal.jvmstat jdk.attach jdk.charsets jdk.internal.opt jdk.zipfs jdk.compiler jdk.crypto.ec jdk.crypto.cryptoki jdk.crypto.mscapi jdk.dynalink jdk.internal.ed jdk.editpad jdk.hotspot.agent jdk.httpserver jdk.internal.le jdk.internal.vm.ci jdk.internal.vm.compiler jdk.internal.vm.compiler.management jdk.jartool jdk.javadoc jdk.jcmd jdk.management jdk.management.agent jdk.jconsole jdk.jdeps jdk.jdwp.agent jdk.jdi jdk.jfr jdk.jshell jdk.jsobject jdk.jstatd jdk.localedata jdk.management.jfr jdk.naming.dns jdk.naming.rmi jdk.net jdk.nio.mapmode jdk.random jdk.sctp jdk.security.auth jdk.security.jgss jdk.unsupported jdk.unsupported.desktop jdk.xml.dom" 

Environment Variables:
PATH=C:\Program Files\Common Files\Oracle\Java\javapath;C:\Windows\system32;C:\Windows;C:\Windows\System32\Wbem;C:\Windows\System32\WindowsPowerShell\v1.0\;C:\Windows\System32\OpenSSH\;C:\xampp\php;C:\ProgramData\ComposerSetup\bin;C:\Program Files\nodejs\;C:\maven\bin;C:\Program Files\Git\cmd;C:\Users\Administrator\AppData\Local\Microsoft\WindowsApps;C:\Users\Administrator\AppData\Local\Programs\Microsoft VS Code\bin;C:\Users\Administrator\AppData\Roaming\Composer\vendor\bin;C:\Users\Administrator\AppData\Roaming\npm;C:\Users\Administrator\AppData\Local\Python\bin
USERNAME=Hasyifa
OS=Windows_NT
PROCESSOR_IDENTIFIER=Intel64 Family 6 Model 126 Stepping 5, GenuineIntel
TMP=C:\Users\ADMINI~1\AppData\Local\Temp
TEMP=C:\Users\ADMINI~1\AppData\Local\Temp




Periodic native trim disabled

---------------  S Y S T E M  ---------------

OS:
 Windows 11 , 64 bit Build 26100 (10.0.26100.8246)
OS uptime: 0 days 1:40 hours

CPU: total 4 (initial active 4) (2 cores per cpu, 2 threads per core) family 6 model 126 stepping 5 microcode 0x96, cx8, cmov, fxsr, ht, mmx, 3dnowpref, sse, sse2, sse3, ssse3, sse4.1, sse4.2, popcnt, lzcnt, tsc, tscinvbit, avx, avx2, aes, erms, clmul, bmi1, bmi2, adx, avx512f, avx512dq, avx512cd, avx512bw, avx512vl, sha, fma, vzeroupper, avx512_vpopcntdq, avx512_vpclmulqdq, avx512_vaes, avx512_vnni, clflush, clflushopt, avx512_vbmi2, avx512_vbmi, rdtscp, rdpid, fsrm, gfni, avx512_bitalg, f16c, pku, avx512_ifma
Processor Information for the first 4 processors :
  Max Mhz: 1190, Current Mhz: 1190, Mhz Limit: 1190

Memory: 4k page, system-wide physical 3863M (207M free)
TotalPageFile size 7863M (AvailPageFile size 0M)
current process WorkingSet (physical memory assigned to process): 109M, peak: 417M
current process commit charge ("private bytes"): 459M, peak: 505M

vm_info: OpenJDK 64-Bit Server VM (21.0.10+7-LTS) for windows-amd64 JRE (21.0.10+7-LTS), built on 2026-01-20T00:00:00Z by "admin" with MS VC++ 17.12 (VS2022)

END.
